Using pre-set license
Built from '2020.3/release' branch; Version is '2020.3.12f1 (b3b2c6512326) revision 11776710'; Using compiler version '192528614'; Build Type 'Release'
OS: 'Windows 10 Home Single Language; OS build 19043.1083; Version 2009; 64bit' Language: 'en' Physical Memory: 8047 MB
BatchMode: 1, IsHumanControllingUs: 0, StartBugReporterOnCrash: 0, Is64bit: 1, IsPro: 0

 COMMAND LINE ARGUMENTS:
C:\Program Files\Unity\Hub\Editor\2020.3.12f1\Editor\Unity.exe
-adb2
-batchMode
-noUpm
-name
AssetImportWorker0
-projectPath
C:/Users/ADMIN/Desktop/Batman2D/Senimar_game
-logFile
Logs/AssetImportWorker0.log
-srvPort
55084
Successfully changed project path to: C:/Users/ADMIN/Desktop/Batman2D/Senimar_game
C:/Users/ADMIN/Desktop/Batman2D/Senimar_game
Using Asset Import Pipeline V2.
Refreshing native plugins compatible for Editor in 146.91 ms, found 3 plugins.
Preloading 0 native plugins for Editor in 0.00 ms.
Initialize engine version: 2020.3.12f1 (b3b2c6512326)
[Subsystems] Discovering subsystems at path C:/Program Files/Unity/Hub/Editor/2020.3.12f1/Editor/Data/Resources/UnitySubsystems
[Subsystems] Discovering subsystems at path C:/Users/ADMIN/Desktop/Batman2D/Senimar_game/Assets
GfxDevice: creating device client; threaded=0
Direct3D:
    Version:  Direct3D 11.0 [level 11.1]
    Renderer: NVIDIA GeForce GTX 1050 Ti (ID=0x1c8c)
    Vendor:   
    VRAM:     4021 MB
    Driver:   27.21.14.6677
Initialize mono
Mono path[0] = 'C:/Program Files/Unity/Hub/Editor/2020.3.12f1/Editor/Data/Managed'
Mono path[1] = 'C:/Program Files/Unity/Hub/Editor/2020.3.12f1/Editor/Data/MonoBleedingEdge/lib/mono/unityjit'
Mono config path = 'C:/Program Files/Unity/Hub/Editor/2020.3.12f1/Editor/Data/MonoBleedingEdge/etc'
Using monoOptions --debugger-agent=transport=dt_socket,embedding=1,server=y,suspend=n,address=127.0.0.1:56224
Begin MonoManager ReloadAssembly
Registering precompiled unity dll's ...
Register platform support module: C:/Program Files/Unity/Hub/Editor/2020.3.12f1/Editor/Data/PlaybackEngines/WebGLSupport/UnityEditor.WebGL.Extensions.dll
Register platform support module: C:/Program Files/Unity/Hub/Editor/2020.3.12f1/Editor/Data/PlaybackEngines/WindowsStandaloneSupport/UnityEditor.WindowsStandalone.Extensions.dll
Registered in 0.002684 seconds.
Native extension for WindowsStandalone target not found
Native extension for WebGL target not found
Refreshing native plugins compatible for Editor in 84.31 ms, found 3 plugins.
Preloading 0 native plugins for Editor in 0.00 ms.
Mono: successfully reloaded assembly
- Completed reload, in  2.098 seconds
Platform modules already initialized, skipping
Registering precompiled user dll's ...
Registered in 0.005932 seconds.
Begin MonoManager ReloadAssembly
Native extension for WindowsStandalone target not found
Native extension for WebGL target not found
Refreshing native plugins compatible for Editor in 199.04 ms, found 3 plugins.
Preloading 0 native plugins for Editor in 0.00 ms.
Mono: successfully reloaded assembly
- Completed reload, in  2.236 seconds
Platform modules already initialized, skipping
========================================================================
Worker process is ready to serve import requests
Launched and connected shader compiler UnityShaderCompiler.exe after 0.08 seconds
Refreshing native plugins compatible for Editor in 1.19 ms, found 3 plugins.
Preloading 0 native plugins for Editor in 0.00 ms.
Unloading 2567 Unused Serialized files (Serialized files now loaded: 0)
System memory in use before: 105.5 MB.
System memory in use after: 105.7 MB.

Unloading 64 unused Assets to reduce memory usage. Loaded Objects now: 2972.
Total: 9.962400 ms (FindLiveObjects: 0.304000 ms CreateObjectMapping: 0.145600 ms MarkObjects: 9.365000 ms  DeleteObjects: 0.146000 ms)

AssetImportParameters requested are different than current active one (requested -> active):
  custom:framework-win-MediaFoundation: 216162199b28c13a410421893ffa2e32 -> 
  custom:video-decoder-ogg-theora: a1e56fd34408186e4bbccfd4996cb3dc -> 
  custom:container-muxer-webm: aa71ff27fc2769a1b78a27578f13a17b -> 
  custom:container-demuxer-webm: 4f35f7cbe854078d1ac9338744f61a02 -> 
  custom:container-demuxer-ogg: 62fdf1f143b41e24485cea50d1cbac27 -> 
  custom:video-encoder-webm-vp8: eb34c28f22e8b96e1ab97ce403110664 -> 
  custom:video-codec-MediaFoundation-h265: 746d11721c4dcdbdad8f713fa42b33f4 -> 
  custom:video-decoder-webm-vp8: 9c59270c3fd7afecdb556c50c9e8de78 -> 
  custom:audio-decoder-ogg-vorbis: bf7c407c2cedff20999df2af8eb42d56 -> 
  custom:audio-encoder-webm-vorbis: bf7c407c2cedff20999df2af8eb42d56 -> 
========================================================================
Received Import Request.
  path: Assets/Batman-animation/Bullet.prefab
  artifactKey: Guid(feac7b922c77d9d4fb7c764affdf3497) Importer(815301076,1909f56bfc062723c751e8b465ee728b)
Start importing Assets/Batman-animation/Bullet.prefab using Guid(feac7b922c77d9d4fb7c764affdf3497) Importer(815301076,1909f56bfc062723c751e8b465ee728b)  -> (artifact id: 'e67c477e0a837f68db516b67f0a42e86') in 0.198607 seconds 
  Import took 0.205575 seconds .

========================================================================
Received Import Request.
  Time since last request: 6.754678 seconds.
  path: Assets/Batman-animation/Batman.prefab
  artifactKey: Guid(8b3b686397a43e240b2297684ecea87f) Importer(815301076,1909f56bfc062723c751e8b465ee728b)
Start importing Assets/Batman-animation/Batman.prefab using Guid(8b3b686397a43e240b2297684ecea87f) Importer(815301076,1909f56bfc062723c751e8b465ee728b)  -> (artifact id: '4b8f452bc905374b15a4a47bc78b888f') in 0.049839 seconds 
  Import took 0.056184 seconds .

========================================================================
Received Prepare
Registering precompiled user dll's ...
Registered in 0.008908 seconds.
Begin MonoManager ReloadAssembly
Native extension for WindowsStandalone target not found
Native extension for WebGL target not found
Refreshing native plugins compatible for Editor in 1.47 ms, found 3 plugins.
Preloading 0 native plugins for Editor in 0.00 ms.
Mono: successfully reloaded assembly
- Completed reload, in  3.106 seconds
Platform modules already initialized, skipping
Refreshing native plugins compatible for Editor in 1.61 ms, found 3 plugins.
Preloading 0 native plugins for Editor in 0.00 ms.
Unloading 2558 Unused Serialized files (Serialized files now loaded: 0)
System memory in use before: 108.1 MB.
System memory in use after: 108.3 MB.

Unloading 52 unused Assets to reduce memory usage. Loaded Objects now: 2984.
Total: 7.652700 ms (FindLiveObjects: 0.294500 ms CreateObjectMapping: 0.129000 ms MarkObjects: 7.182600 ms  DeleteObjects: 0.044900 ms)

AssetImportParameters requested are different than current active one (requested -> active):
  custom:framework-win-MediaFoundation: 216162199b28c13a410421893ffa2e32 -> 
  custom:video-decoder-ogg-theora: a1e56fd34408186e4bbccfd4996cb3dc -> 
  custom:container-muxer-webm: aa71ff27fc2769a1b78a27578f13a17b -> 
  custom:container-demuxer-webm: 4f35f7cbe854078d1ac9338744f61a02 -> 
  custom:container-demuxer-ogg: 62fdf1f143b41e24485cea50d1cbac27 -> 
  custom:video-encoder-webm-vp8: eb34c28f22e8b96e1ab97ce403110664 -> 
  custom:video-codec-MediaFoundation-h265: 746d11721c4dcdbdad8f713fa42b33f4 -> 
  custom:video-decoder-webm-vp8: 9c59270c3fd7afecdb556c50c9e8de78 -> 
  custom:audio-decoder-ogg-vorbis: bf7c407c2cedff20999df2af8eb42d56 -> 
  custom:audio-encoder-webm-vorbis: bf7c407c2cedff20999df2af8eb42d56 -> 
========================================================================
Received Prepare
Registering precompiled user dll's ...
Registered in 0.010155 seconds.
Begin MonoManager ReloadAssembly
Native extension for WindowsStandalone target not found
Native extension for WebGL target not found
Refreshing native plugins compatible for Editor in 0.80 ms, found 3 plugins.
Preloading 0 native plugins for Editor in 0.00 ms.
Mono: successfully reloaded assembly
- Completed reload, in  1.644 seconds
Platform modules already initialized, skipping
Refreshing native plugins compatible for Editor in 1.15 ms, found 3 plugins.
Preloading 0 native plugins for Editor in 0.00 ms.
Unloading 2558 Unused Serialized files (Serialized files now loaded: 0)
System memory in use before: 108.1 MB.
System memory in use after: 108.3 MB.

Unloading 52 unused Assets to reduce memory usage. Loaded Objects now: 2988.
Total: 8.411600 ms (FindLiveObjects: 0.386500 ms CreateObjectMapping: 0.180000 ms MarkObjects: 7.797600 ms  DeleteObjects: 0.045900 ms)

AssetImportParameters requested are different than current active one (requested -> active):
  custom:framework-win-MediaFoundation: 216162199b28c13a410421893ffa2e32 -> 
  custom:video-decoder-ogg-theora: a1e56fd34408186e4bbccfd4996cb3dc -> 
  custom:container-muxer-webm: aa71ff27fc2769a1b78a27578f13a17b -> 
  custom:container-demuxer-webm: 4f35f7cbe854078d1ac9338744f61a02 -> 
  custom:container-demuxer-ogg: 62fdf1f143b41e24485cea50d1cbac27 -> 
  custom:video-encoder-webm-vp8: eb34c28f22e8b96e1ab97ce403110664 -> 
  custom:video-codec-MediaFoundation-h265: 746d11721c4dcdbdad8f713fa42b33f4 -> 
  custom:video-decoder-webm-vp8: 9c59270c3fd7afecdb556c50c9e8de78 -> 
  custom:audio-decoder-ogg-vorbis: bf7c407c2cedff20999df2af8eb42d56 -> 
  custom:audio-encoder-webm-vorbis: bf7c407c2cedff20999df2af8eb42d56 -> 
========================================================================
Received Import Request.
  Time since last request: 162.276316 seconds.
  path: Assets/Batman-animation/Shooting.cs
  artifactKey: Guid(9505202c4087b6a48802b84237ee16ab) Importer(815301076,1909f56bfc062723c751e8b465ee728b)
Start importing Assets/Batman-animation/Shooting.cs using Guid(9505202c4087b6a48802b84237ee16ab) Importer(815301076,1909f56bfc062723c751e8b465ee728b)  -> (artifact id: 'd1660f4c0e79b13419d6ae00773f14e8') in 0.036345 seconds 
  Import took 0.043881 seconds .

========================================================================
Received Import Request.
  Time since last request: 116.438730 seconds.
  path: Assets/Batman-animation/Combat.cs
  artifactKey: Guid(2ae8143bdec98c347b3070496d3dab1f) Importer(815301076,1909f56bfc062723c751e8b465ee728b)
Start importing Assets/Batman-animation/Combat.cs using Guid(2ae8143bdec98c347b3070496d3dab1f) Importer(815301076,1909f56bfc062723c751e8b465ee728b)  -> (artifact id: '8ffea9db956ed6e18ff7a32fda4a7572') in 0.014768 seconds 
  Import took 0.023976 seconds .

========================================================================
Received Prepare
Registering precompiled user dll's ...
Registered in 0.010381 seconds.
Begin MonoManager ReloadAssembly
Native extension for WindowsStandalone target not found
Native extension for WebGL target not found
Refreshing native plugins compatible for Editor in 1.06 ms, found 3 plugins.
Preloading 0 native plugins for Editor in 0.00 ms.
Mono: successfully reloaded assembly
- Completed reload, in  1.875 seconds
Platform modules already initialized, skipping
Refreshing native plugins compatible for Editor in 0.96 ms, found 3 plugins.
Preloading 0 native plugins for Editor in 0.00 ms.
Unloading 2558 Unused Serialized files (Serialized files now loaded: 0)
System memory in use before: 108.1 MB.
System memory in use after: 108.4 MB.

Unloading 52 unused Assets to reduce memory usage. Loaded Objects now: 2992.
Total: 6.270800 ms (FindLiveObjects: 0.324200 ms CreateObjectMapping: 0.119600 ms MarkObjects: 5.777700 ms  DeleteObjects: 0.048100 ms)

AssetImportParameters requested are different than current active one (requested -> active):
  custom:framework-win-MediaFoundation: 216162199b28c13a410421893ffa2e32 -> 
  custom:video-decoder-ogg-theora: a1e56fd34408186e4bbccfd4996cb3dc -> 
  custom:container-muxer-webm: aa71ff27fc2769a1b78a27578f13a17b -> 
  custom:container-demuxer-webm: 4f35f7cbe854078d1ac9338744f61a02 -> 
  custom:container-demuxer-ogg: 62fdf1f143b41e24485cea50d1cbac27 -> 
  custom:video-encoder-webm-vp8: eb34c28f22e8b96e1ab97ce403110664 -> 
  custom:video-codec-MediaFoundation-h265: 746d11721c4dcdbdad8f713fa42b33f4 -> 
  custom:video-decoder-webm-vp8: 9c59270c3fd7afecdb556c50c9e8de78 -> 
  custom:audio-decoder-ogg-vorbis: bf7c407c2cedff20999df2af8eb42d56 -> 
  custom:audio-encoder-webm-vorbis: bf7c407c2cedff20999df2af8eb42d56 -> 
========================================================================
Received Prepare
Registering precompiled user dll's ...
Registered in 0.009097 seconds.
Begin MonoManager ReloadAssembly
Native extension for WindowsStandalone target not found
Native extension for WebGL target not found
Refreshing native plugins compatible for Editor in 1.20 ms, found 3 plugins.
Preloading 0 native plugins for Editor in 0.00 ms.
Mono: successfully reloaded assembly
- Completed reload, in  2.537 seconds
Platform modules already initialized, skipping
Refreshing native plugins compatible for Editor in 0.93 ms, found 3 plugins.
Preloading 0 native plugins for Editor in 0.00 ms.
Unloading 2558 Unused Serialized files (Serialized files now loaded: 0)
System memory in use before: 108.2 MB.
System memory in use after: 108.4 MB.

Unloading 52 unused Assets to reduce memory usage. Loaded Objects now: 2996.
Total: 9.375900 ms (FindLiveObjects: 0.242600 ms CreateObjectMapping: 0.105000 ms MarkObjects: 8.991400 ms  DeleteObjects: 0.035400 ms)

AssetImportParameters requested are different than current active one (requested -> active):
  custom:framework-win-MediaFoundation: 216162199b28c13a410421893ffa2e32 -> 
  custom:video-decoder-ogg-theora: a1e56fd34408186e4bbccfd4996cb3dc -> 
  custom:container-muxer-webm: aa71ff27fc2769a1b78a27578f13a17b -> 
  custom:container-demuxer-webm: 4f35f7cbe854078d1ac9338744f61a02 -> 
  custom:container-demuxer-ogg: 62fdf1f143b41e24485cea50d1cbac27 -> 
  custom:video-encoder-webm-vp8: eb34c28f22e8b96e1ab97ce403110664 -> 
  custom:video-codec-MediaFoundation-h265: 746d11721c4dcdbdad8f713fa42b33f4 -> 
  custom:video-decoder-webm-vp8: 9c59270c3fd7afecdb556c50c9e8de78 -> 
  custom:audio-decoder-ogg-vorbis: bf7c407c2cedff20999df2af8eb42d56 -> 
  custom:audio-encoder-webm-vorbis: bf7c407c2cedff20999df2af8eb42d56 -> 
========================================================================
Received Import Request.
  Time since last request: 256.993792 seconds.
  path: Assets/Batman-animation/Batman.unity
  artifactKey: Guid(05b00e6bd56bf644f876300f1148f95f) Importer(815301076,1909f56bfc062723c751e8b465ee728b)
Start importing Assets/Batman-animation/Batman.unity using Guid(05b00e6bd56bf644f876300f1148f95f) Importer(815301076,1909f56bfc062723c751e8b465ee728b)  -> (artifact id: '9f044a0b9f68886c794b4447199df1ff') in 0.034355 seconds 
  Import took 0.041603 seconds .

========================================================================
Received Prepare
Registering precompiled user dll's ...
Registered in 0.012874 seconds.
Begin MonoManager ReloadAssembly
Native extension for WindowsStandalone target not found
Native extension for WebGL target not found
Refreshing native plugins compatible for Editor in 2.37 ms, found 3 plugins.
Preloading 0 native plugins for Editor in 0.00 ms.
Mono: successfully reloaded assembly
- Completed reload, in  2.168 seconds
Platform modules already initialized, skipping
Refreshing native plugins compatible for Editor in 1.28 ms, found 3 plugins.
Preloading 0 native plugins for Editor in 0.00 ms.
Unloading 2559 Unused Serialized files (Serialized files now loaded: 0)
System memory in use before: 108.1 MB.
System memory in use after: 108.3 MB.

Unloading 52 unused Assets to reduce memory usage. Loaded Objects now: 3001.
Total: 10.096700 ms (FindLiveObjects: 0.338300 ms CreateObjectMapping: 0.253600 ms MarkObjects: 9.456200 ms  DeleteObjects: 0.046800 ms)

AssetImportParameters requested are different than current active one (requested -> active):
  custom:framework-win-MediaFoundation: 216162199b28c13a410421893ffa2e32 -> 
  custom:video-decoder-ogg-theora: a1e56fd34408186e4bbccfd4996cb3dc -> 
  custom:container-muxer-webm: aa71ff27fc2769a1b78a27578f13a17b -> 
  custom:container-demuxer-webm: 4f35f7cbe854078d1ac9338744f61a02 -> 
  custom:container-demuxer-ogg: 62fdf1f143b41e24485cea50d1cbac27 -> 
  custom:video-encoder-webm-vp8: eb34c28f22e8b96e1ab97ce403110664 -> 
  custom:video-codec-MediaFoundation-h265: 746d11721c4dcdbdad8f713fa42b33f4 -> 
  custom:video-decoder-webm-vp8: 9c59270c3fd7afecdb556c50c9e8de78 -> 
  custom:audio-decoder-ogg-vorbis: bf7c407c2cedff20999df2af8eb42d56 -> 
  custom:audio-encoder-webm-vorbis: bf7c407c2cedff20999df2af8eb42d56 -> 
========================================================================
Received Prepare
Registering precompiled user dll's ...
Registered in 0.011613 seconds.
Begin MonoManager ReloadAssembly
Native extension for WindowsStandalone target not found
Native extension for WebGL target not found
Refreshing native plugins compatible for Editor in 1.22 ms, found 3 plugins.
Preloading 0 native plugins for Editor in 0.00 ms.
Mono: successfully reloaded assembly
- Completed reload, in  1.777 seconds
Platform modules already initialized, skipping
Refreshing native plugins compatible for Editor in 1.30 ms, found 3 plugins.
Preloading 0 native plugins for Editor in 0.00 ms.
Unloading 2559 Unused Serialized files (Serialized files now loaded: 0)
System memory in use before: 108.2 MB.
System memory in use after: 108.4 MB.

Unloading 52 unused Assets to reduce memory usage. Loaded Objects now: 3005.
Total: 11.256000 ms (FindLiveObjects: 0.415700 ms CreateObjectMapping: 0.229900 ms MarkObjects: 10.507000 ms  DeleteObjects: 0.100900 ms)

AssetImportParameters requested are different than current active one (requested -> active):
  custom:framework-win-MediaFoundation: 216162199b28c13a410421893ffa2e32 -> 
  custom:video-decoder-ogg-theora: a1e56fd34408186e4bbccfd4996cb3dc -> 
  custom:container-muxer-webm: aa71ff27fc2769a1b78a27578f13a17b -> 
  custom:container-demuxer-webm: 4f35f7cbe854078d1ac9338744f61a02 -> 
  custom:container-demuxer-ogg: 62fdf1f143b41e24485cea50d1cbac27 -> 
  custom:video-encoder-webm-vp8: eb34c28f22e8b96e1ab97ce403110664 -> 
  custom:video-codec-MediaFoundation-h265: 746d11721c4dcdbdad8f713fa42b33f4 -> 
  custom:video-decoder-webm-vp8: 9c59270c3fd7afecdb556c50c9e8de78 -> 
  custom:audio-decoder-ogg-vorbis: bf7c407c2cedff20999df2af8eb42d56 -> 
  custom:audio-encoder-webm-vorbis: bf7c407c2cedff20999df2af8eb42d56 -> 
========================================================================
Received Prepare
Registering precompiled user dll's ...
Registered in 0.011157 seconds.
Begin MonoManager ReloadAssembly
Native extension for WindowsStandalone target not found
Native extension for WebGL target not found
Refreshing native plugins compatible for Editor in 0.96 ms, found 3 plugins.
Preloading 0 native plugins for Editor in 0.00 ms.
Mono: successfully reloaded assembly
- Completed reload, in  1.951 seconds
Platform modules already initialized, skipping
Refreshing native plugins compatible for Editor in 0.93 ms, found 3 plugins.
Preloading 0 native plugins for Editor in 0.00 ms.
Unloading 2559 Unused Serialized files (Serialized files now loaded: 0)
System memory in use before: 108.2 MB.
System memory in use after: 108.4 MB.

Unloading 52 unused Assets to reduce memory usage. Loaded Objects now: 3009.
Total: 7.083800 ms (FindLiveObjects: 0.248300 ms CreateObjectMapping: 0.117500 ms MarkObjects: 6.685000 ms  DeleteObjects: 0.031800 ms)

AssetImportParameters requested are different than current active one (requested -> active):
  custom:framework-win-MediaFoundation: 216162199b28c13a410421893ffa2e32 -> 
  custom:video-decoder-ogg-theora: a1e56fd34408186e4bbccfd4996cb3dc -> 
  custom:container-muxer-webm: aa71ff27fc2769a1b78a27578f13a17b -> 
  custom:container-demuxer-webm: 4f35f7cbe854078d1ac9338744f61a02 -> 
  custom:container-demuxer-ogg: 62fdf1f143b41e24485cea50d1cbac27 -> 
  custom:video-encoder-webm-vp8: eb34c28f22e8b96e1ab97ce403110664 -> 
  custom:video-codec-MediaFoundation-h265: 746d11721c4dcdbdad8f713fa42b33f4 -> 
  custom:video-decoder-webm-vp8: 9c59270c3fd7afecdb556c50c9e8de78 -> 
  custom:audio-decoder-ogg-vorbis: bf7c407c2cedff20999df2af8eb42d56 -> 
  custom:audio-encoder-webm-vorbis: bf7c407c2cedff20999df2af8eb42d56 -> 
========================================================================
Received Prepare
Registering precompiled user dll's ...
Registered in 0.005695 seconds.
Begin MonoManager ReloadAssembly
Native extension for WindowsStandalone target not found
Native extension for WebGL target not found
Refreshing native plugins compatible for Editor in 1.11 ms, found 3 plugins.
Preloading 0 native plugins for Editor in 0.00 ms.
Mono: successfully reloaded assembly
- Completed reload, in  1.680 seconds
Platform modules already initialized, skipping
Refreshing native plugins compatible for Editor in 1.19 ms, found 3 plugins.
Preloading 0 native plugins for Editor in 0.00 ms.
Unloading 2559 Unused Serialized files (Serialized files now loaded: 0)
System memory in use before: 108.2 MB.
System memory in use after: 108.5 MB.

Unloading 52 unused Assets to reduce memory usage. Loaded Objects now: 3013.
Total: 8.354500 ms (FindLiveObjects: 0.352100 ms CreateObjectMapping: 0.184600 ms MarkObjects: 7.781400 ms  DeleteObjects: 0.035000 ms)

AssetImportParameters requested are different than current active one (requested -> active):
  custom:framework-win-MediaFoundation: 216162199b28c13a410421893ffa2e32 -> 
  custom:video-decoder-ogg-theora: a1e56fd34408186e4bbccfd4996cb3dc -> 
  custom:container-muxer-webm: aa71ff27fc2769a1b78a27578f13a17b -> 
  custom:container-demuxer-webm: 4f35f7cbe854078d1ac9338744f61a02 -> 
  custom:container-demuxer-ogg: 62fdf1f143b41e24485cea50d1cbac27 -> 
  custom:video-encoder-webm-vp8: eb34c28f22e8b96e1ab97ce403110664 -> 
  custom:video-codec-MediaFoundation-h265: 746d11721c4dcdbdad8f713fa42b33f4 -> 
  custom:video-decoder-webm-vp8: 9c59270c3fd7afecdb556c50c9e8de78 -> 
  custom:audio-decoder-ogg-vorbis: bf7c407c2cedff20999df2af8eb42d56 -> 
  custom:audio-encoder-webm-vorbis: bf7c407c2cedff20999df2af8eb42d56 -> 
========================================================================
Received Prepare
Registering precompiled user dll's ...
Registered in 0.011099 seconds.
Begin MonoManager ReloadAssembly
Native extension for WindowsStandalone target not found
Native extension for WebGL target not found
Refreshing native plugins compatible for Editor in 1.46 ms, found 3 plugins.
Preloading 0 native plugins for Editor in 0.00 ms.
Mono: successfully reloaded assembly
- Completed reload, in  2.190 seconds
Platform modules already initialized, skipping
Refreshing native plugins compatible for Editor in 1.67 ms, found 3 plugins.
Preloading 0 native plugins for Editor in 0.00 ms.
Unloading 2559 Unused Serialized files (Serialized files now loaded: 0)
System memory in use before: 108.2 MB.
System memory in use after: 108.5 MB.

Unloading 52 unused Assets to reduce memory usage. Loaded Objects now: 3017.
Total: 11.106200 ms (FindLiveObjects: 0.609600 ms CreateObjectMapping: 0.205100 ms MarkObjects: 10.236200 ms  DeleteObjects: 0.050500 ms)

AssetImportParameters requested are different than current active one (requested -> active):
  custom:framework-win-MediaFoundation: 216162199b28c13a410421893ffa2e32 -> 
  custom:video-decoder-ogg-theora: a1e56fd34408186e4bbccfd4996cb3dc -> 
  custom:container-muxer-webm: aa71ff27fc2769a1b78a27578f13a17b -> 
  custom:container-demuxer-webm: 4f35f7cbe854078d1ac9338744f61a02 -> 
  custom:container-demuxer-ogg: 62fdf1f143b41e24485cea50d1cbac27 -> 
  custom:video-encoder-webm-vp8: eb34c28f22e8b96e1ab97ce403110664 -> 
  custom:video-codec-MediaFoundation-h265: 746d11721c4dcdbdad8f713fa42b33f4 -> 
  custom:video-decoder-webm-vp8: 9c59270c3fd7afecdb556c50c9e8de78 -> 
  custom:audio-decoder-ogg-vorbis: bf7c407c2cedff20999df2af8eb42d56 -> 
  custom:audio-encoder-webm-vorbis: bf7c407c2cedff20999df2af8eb42d56 -> 
========================================================================
Received Prepare
Registering precompiled user dll's ...
Registered in 0.006092 seconds.
Begin MonoManager ReloadAssembly
Native extension for WindowsStandalone target not found
Native extension for WebGL target not found
Refreshing native plugins compatible for Editor in 1.23 ms, found 3 plugins.
Preloading 0 native plugins for Editor in 0.00 ms.
Mono: successfully reloaded assembly
- Completed reload, in  2.065 seconds
Platform modules already initialized, skipping
Refreshing native plugins compatible for Editor in 1.26 ms, found 3 plugins.
Preloading 0 native plugins for Editor in 0.00 ms.
Unloading 2559 Unused Serialized files (Serialized files now loaded: 0)
System memory in use before: 108.2 MB.
System memory in use after: 108.4 MB.

Unloading 52 unused Assets to reduce memory usage. Loaded Objects now: 3021.
Total: 10.859200 ms (FindLiveObjects: 0.441700 ms CreateObjectMapping: 0.165600 ms MarkObjects: 10.191000 ms  DeleteObjects: 0.057900 ms)

AssetImportParameters requested are different than current active one (requested -> active):
  custom:framework-win-MediaFoundation: 216162199b28c13a410421893ffa2e32 -> 
  custom:video-decoder-ogg-theora: a1e56fd34408186e4bbccfd4996cb3dc -> 
  custom:container-muxer-webm: aa71ff27fc2769a1b78a27578f13a17b -> 
  custom:container-demuxer-webm: 4f35f7cbe854078d1ac9338744f61a02 -> 
  custom:container-demuxer-ogg: 62fdf1f143b41e24485cea50d1cbac27 -> 
  custom:video-encoder-webm-vp8: eb34c28f22e8b96e1ab97ce403110664 -> 
  custom:video-codec-MediaFoundation-h265: 746d11721c4dcdbdad8f713fa42b33f4 -> 
  custom:video-decoder-webm-vp8: 9c59270c3fd7afecdb556c50c9e8de78 -> 
  custom:audio-decoder-ogg-vorbis: bf7c407c2cedff20999df2af8eb42d56 -> 
  custom:audio-encoder-webm-vorbis: bf7c407c2cedff20999df2af8eb42d56 -> 
========================================================================
Received Prepare
Registering precompiled user dll's ...
Registered in 0.008424 seconds.
Begin MonoManager ReloadAssembly
Native extension for WindowsStandalone target not found
Native extension for WebGL target not found
Refreshing native plugins compatible for Editor in 1.21 ms, found 3 plugins.
Preloading 0 native plugins for Editor in 0.00 ms.
Mono: successfully reloaded assembly
- Completed reload, in  1.882 seconds
Platform modules already initialized, skipping
Refreshing native plugins compatible for Editor in 1.19 ms, found 3 plugins.
Preloading 0 native plugins for Editor in 0.00 ms.
Unloading 2559 Unused Serialized files (Serialized files now loaded: 0)
System memory in use before: 108.3 MB.
System memory in use after: 108.5 MB.

Unloading 52 unused Assets to reduce memory usage. Loaded Objects now: 3025.
Total: 13.417600 ms (FindLiveObjects: 0.533200 ms CreateObjectMapping: 0.327300 ms MarkObjects: 12.494600 ms  DeleteObjects: 0.060400 ms)

AssetImportParameters requested are different than current active one (requested -> active):
  custom:framework-win-MediaFoundation: 216162199b28c13a410421893ffa2e32 -> 
  custom:video-decoder-ogg-theora: a1e56fd34408186e4bbccfd4996cb3dc -> 
  custom:container-muxer-webm: aa71ff27fc2769a1b78a27578f13a17b -> 
  custom:container-demuxer-webm: 4f35f7cbe854078d1ac9338744f61a02 -> 
  custom:container-demuxer-ogg: 62fdf1f143b41e24485cea50d1cbac27 -> 
  custom:video-encoder-webm-vp8: eb34c28f22e8b96e1ab97ce403110664 -> 
  custom:video-codec-MediaFoundation-h265: 746d11721c4dcdbdad8f713fa42b33f4 -> 
  custom:video-decoder-webm-vp8: 9c59270c3fd7afecdb556c50c9e8de78 -> 
  custom:audio-decoder-ogg-vorbis: bf7c407c2cedff20999df2af8eb42d56 -> 
  custom:audio-encoder-webm-vorbis: bf7c407c2cedff20999df2af8eb42d56 -> 
========================================================================
Received Prepare
Registering precompiled user dll's ...
Registered in 0.009746 seconds.
Begin MonoManager ReloadAssembly
Native extension for WindowsStandalone target not found
Native extension for WebGL target not found
Refreshing native plugins compatible for Editor in 1.23 ms, found 3 plugins.
Preloading 0 native plugins for Editor in 0.00 ms.
Mono: successfully reloaded assembly
- Completed reload, in  2.148 seconds
Platform modules already initialized, skipping
Refreshing native plugins compatible for Editor in 1.64 ms, found 3 plugins.
Preloading 0 native plugins for Editor in 0.00 ms.
Unloading 2559 Unused Serialized files (Serialized files now loaded: 0)
System memory in use before: 108.3 MB.
System memory in use after: 108.5 MB.

Unloading 52 unused Assets to reduce memory usage. Loaded Objects now: 3029.
Total: 14.911900 ms (FindLiveObjects: 0.394600 ms CreateObjectMapping: 0.229300 ms MarkObjects: 14.214800 ms  DeleteObjects: 0.070000 ms)

AssetImportParameters requested are different than current active one (requested -> active):
  custom:framework-win-MediaFoundation: 216162199b28c13a410421893ffa2e32 -> 
  custom:video-decoder-ogg-theora: a1e56fd34408186e4bbccfd4996cb3dc -> 
  custom:container-muxer-webm: aa71ff27fc2769a1b78a27578f13a17b -> 
  custom:container-demuxer-webm: 4f35f7cbe854078d1ac9338744f61a02 -> 
  custom:container-demuxer-ogg: 62fdf1f143b41e24485cea50d1cbac27 -> 
  custom:video-encoder-webm-vp8: eb34c28f22e8b96e1ab97ce403110664 -> 
  custom:video-codec-MediaFoundation-h265: 746d11721c4dcdbdad8f713fa42b33f4 -> 
  custom:video-decoder-webm-vp8: 9c59270c3fd7afecdb556c50c9e8de78 -> 
  custom:audio-decoder-ogg-vorbis: bf7c407c2cedff20999df2af8eb42d56 -> 
  custom:audio-encoder-webm-vorbis: bf7c407c2cedff20999df2af8eb42d56 -> 
========================================================================
Received Prepare
Registering precompiled user dll's ...
Registered in 0.010976 seconds.
Begin MonoManager ReloadAssembly
Native extension for WindowsStandalone target not found
Native extension for WebGL target not found
Refreshing native plugins compatible for Editor in 1.69 ms, found 3 plugins.
Preloading 0 native plugins for Editor in 0.00 ms.
Mono: successfully reloaded assembly
- Completed reload, in  2.563 seconds
Platform modules already initialized, skipping
Refreshing native plugins compatible for Editor in 1.26 ms, found 3 plugins.
Preloading 0 native plugins for Editor in 0.00 ms.
Unloading 2559 Unused Serialized files (Serialized files now loaded: 0)
System memory in use before: 108.3 MB.
System memory in use after: 108.5 MB.

Unloading 52 unused Assets to reduce memory usage. Loaded Objects now: 3033.
Total: 11.464000 ms (FindLiveObjects: 0.538300 ms CreateObjectMapping: 0.248200 ms MarkObjects: 10.623700 ms  DeleteObjects: 0.051400 ms)

AssetImportParameters requested are different than current active one (requested -> active):
  custom:framework-win-MediaFoundation: 216162199b28c13a410421893ffa2e32 -> 
  custom:video-decoder-ogg-theora: a1e56fd34408186e4bbccfd4996cb3dc -> 
  custom:container-muxer-webm: aa71ff27fc2769a1b78a27578f13a17b -> 
  custom:container-demuxer-webm: 4f35f7cbe854078d1ac9338744f61a02 -> 
  custom:container-demuxer-ogg: 62fdf1f143b41e24485cea50d1cbac27 -> 
  custom:video-encoder-webm-vp8: eb34c28f22e8b96e1ab97ce403110664 -> 
  custom:video-codec-MediaFoundation-h265: 746d11721c4dcdbdad8f713fa42b33f4 -> 
  custom:video-decoder-webm-vp8: 9c59270c3fd7afecdb556c50c9e8de78 -> 
  custom:audio-decoder-ogg-vorbis: bf7c407c2cedff20999df2af8eb42d56 -> 
  custom:audio-encoder-webm-vorbis: bf7c407c2cedff20999df2af8eb42d56 -> 
========================================================================
Received Prepare
Registering precompiled user dll's ...
Registered in 0.010812 seconds.
Begin MonoManager ReloadAssembly
Native extension for WindowsStandalone target not found
Native extension for WebGL target not found
Refreshing native plugins compatible for Editor in 1.11 ms, found 3 plugins.
Preloading 0 native plugins for Editor in 0.00 ms.
Mono: successfully reloaded assembly
- Completed reload, in  1.948 seconds
Platform modules already initialized, skipping
Refreshing native plugins compatible for Editor in 1.18 ms, found 3 plugins.
Preloading 0 native plugins for Editor in 0.00 ms.
Unloading 2559 Unused Serialized files (Serialized files now loaded: 0)
System memory in use before: 108.3 MB.
System memory in use after: 108.5 MB.

Unloading 52 unused Assets to reduce memory usage. Loaded Objects now: 3037.
Total: 9.377600 ms (FindLiveObjects: 0.357900 ms CreateObjectMapping: 0.182600 ms MarkObjects: 8.771400 ms  DeleteObjects: 0.064100 ms)

AssetImportParameters requested are different than current active one (requested -> active):
  custom:framework-win-MediaFoundation: 216162199b28c13a410421893ffa2e32 -> 
  custom:video-decoder-ogg-theora: a1e56fd34408186e4bbccfd4996cb3dc -> 
  custom:container-muxer-webm: aa71ff27fc2769a1b78a27578f13a17b -> 
  custom:container-demuxer-webm: 4f35f7cbe854078d1ac9338744f61a02 -> 
  custom:container-demuxer-ogg: 62fdf1f143b41e24485cea50d1cbac27 -> 
  custom:video-encoder-webm-vp8: eb34c28f22e8b96e1ab97ce403110664 -> 
  custom:video-codec-MediaFoundation-h265: 746d11721c4dcdbdad8f713fa42b33f4 -> 
  custom:video-decoder-webm-vp8: 9c59270c3fd7afecdb556c50c9e8de78 -> 
  custom:audio-decoder-ogg-vorbis: bf7c407c2cedff20999df2af8eb42d56 -> 
  custom:audio-encoder-webm-vorbis: bf7c407c2cedff20999df2af8eb42d56 -> 
========================================================================
Received Prepare
Registering precompiled user dll's ...
Registered in 0.007610 seconds.
Begin MonoManager ReloadAssembly
Native extension for WindowsStandalone target not found
Native extension for WebGL target not found
Refreshing native plugins compatible for Editor in 1.00 ms, found 3 plugins.
Preloading 0 native plugins for Editor in 0.00 ms.
Mono: successfully reloaded assembly
- Completed reload, in  1.713 seconds
Platform modules already initialized, skipping
Refreshing native plugins compatible for Editor in 1.38 ms, found 3 plugins.
Preloading 0 native plugins for Editor in 0.00 ms.
Unloading 2559 Unused Serialized files (Serialized files now loaded: 0)
System memory in use before: 108.2 MB.
System memory in use after: 108.4 MB.

Unloading 52 unused Assets to reduce memory usage. Loaded Objects now: 3041.
Total: 9.171900 ms (FindLiveObjects: 0.386700 ms CreateObjectMapping: 0.222200 ms MarkObjects: 8.509900 ms  DeleteObjects: 0.051300 ms)

AssetImportParameters requested are different than current active one (requested -> active):
  custom:framework-win-MediaFoundation: 216162199b28c13a410421893ffa2e32 -> 
  custom:video-decoder-ogg-theora: a1e56fd34408186e4bbccfd4996cb3dc -> 
  custom:container-muxer-webm: aa71ff27fc2769a1b78a27578f13a17b -> 
  custom:container-demuxer-webm: 4f35f7cbe854078d1ac9338744f61a02 -> 
  custom:container-demuxer-ogg: 62fdf1f143b41e24485cea50d1cbac27 -> 
  custom:video-encoder-webm-vp8: eb34c28f22e8b96e1ab97ce403110664 -> 
  custom:video-codec-MediaFoundation-h265: 746d11721c4dcdbdad8f713fa42b33f4 -> 
  custom:video-decoder-webm-vp8: 9c59270c3fd7afecdb556c50c9e8de78 -> 
  custom:audio-decoder-ogg-vorbis: bf7c407c2cedff20999df2af8eb42d56 -> 
  custom:audio-encoder-webm-vorbis: bf7c407c2cedff20999df2af8eb42d56 -> 
========================================================================
Received Prepare
Registering precompiled user dll's ...
Registered in 0.010742 seconds.
Begin MonoManager ReloadAssembly
Native extension for WindowsStandalone target not found
Native extension for WebGL target not found
Refreshing native plugins compatible for Editor in 1.17 ms, found 3 plugins.
Preloading 0 native plugins for Editor in 0.00 ms.
Mono: successfully reloaded assembly
- Completed reload, in  2.117 seconds
Platform modules already initialized, skipping
Refreshing native plugins compatible for Editor in 1.13 ms, found 3 plugins.
Preloading 0 native plugins for Editor in 0.00 ms.
Unloading 2560 Unused Serialized files (Serialized files now loaded: 0)
System memory in use before: 108.3 MB.
System memory in use after: 108.5 MB.

Unloading 52 unused Assets to reduce memory usage. Loaded Objects now: 3046.
Total: 11.241000 ms (FindLiveObjects: 0.548600 ms CreateObjectMapping: 0.266600 ms MarkObjects: 10.377200 ms  DeleteObjects: 0.046500 ms)

AssetImportParameters requested are different than current active one (requested -> active):
  custom:framework-win-MediaFoundation: 216162199b28c13a410421893ffa2e32 -> 
  custom:video-decoder-ogg-theora: a1e56fd34408186e4bbccfd4996cb3dc -> 
  custom:container-muxer-webm: aa71ff27fc2769a1b78a27578f13a17b -> 
  custom:container-demuxer-webm: 4f35f7cbe854078d1ac9338744f61a02 -> 
  custom:container-demuxer-ogg: 62fdf1f143b41e24485cea50d1cbac27 -> 
  custom:video-encoder-webm-vp8: eb34c28f22e8b96e1ab97ce403110664 -> 
  custom:video-codec-MediaFoundation-h265: 746d11721c4dcdbdad8f713fa42b33f4 -> 
  custom:video-decoder-webm-vp8: 9c59270c3fd7afecdb556c50c9e8de78 -> 
  custom:audio-decoder-ogg-vorbis: bf7c407c2cedff20999df2af8eb42d56 -> 
  custom:audio-encoder-webm-vorbis: bf7c407c2cedff20999df2af8eb42d56 -> 
========================================================================
Received Import Request.
  Time since last request: 1404.247899 seconds.
  path: Assets/Batman-animation/Enemy.cs
  artifactKey: Guid(94d154d76450e0e45a8a81e758cffe3d) Importer(815301076,1909f56bfc062723c751e8b465ee728b)
Start importing Assets/Batman-animation/Enemy.cs using Guid(94d154d76450e0e45a8a81e758cffe3d) Importer(815301076,1909f56bfc062723c751e8b465ee728b)  -> (artifact id: 'e6d15525d3650707970354d69314c464') in 0.014907 seconds 
  Import took 0.023891 seconds .

========================================================================
Received Import Request.
  Time since last request: 0.004334 seconds.
  path: Assets/Batman-animation/Enemy.cs
  artifactKey: Guid(94d154d76450e0e45a8a81e758cffe3d) Importer(815301076,1909f56bfc062723c751e8b465ee728b)
Start importing Assets/Batman-animation/Enemy.cs using Guid(94d154d76450e0e45a8a81e758cffe3d) Importer(815301076,1909f56bfc062723c751e8b465ee728b)  -> (artifact id: 'e6d15525d3650707970354d69314c464') in 0.003852 seconds 
  Import took 0.010012 seconds .

========================================================================
Received Prepare
Registering precompiled user dll's ...
Registered in 0.009446 seconds.
Begin MonoManager ReloadAssembly
Native extension for WindowsStandalone target not found
Native extension for WebGL target not found
Refreshing native plugins compatible for Editor in 1.27 ms, found 3 plugins.
Preloading 0 native plugins for Editor in 0.00 ms.
Mono: successfully reloaded assembly
- Completed reload, in  2.206 seconds
Platform modules already initialized, skipping
Refreshing native plugins compatible for Editor in 1.85 ms, found 3 plugins.
Preloading 0 native plugins for Editor in 0.00 ms.
Unloading 2560 Unused Serialized files (Serialized files now loaded: 0)
System memory in use before: 108.3 MB.
System memory in use after: 108.6 MB.

Unloading 52 unused Assets to reduce memory usage. Loaded Objects now: 3050.
Total: 9.982600 ms (FindLiveObjects: 0.422500 ms CreateObjectMapping: 0.208800 ms MarkObjects: 9.309100 ms  DeleteObjects: 0.040600 ms)

AssetImportParameters requested are different than current active one (requested -> active):
  custom:framework-win-MediaFoundation: 216162199b28c13a410421893ffa2e32 -> 
  custom:video-decoder-ogg-theora: a1e56fd34408186e4bbccfd4996cb3dc -> 
  custom:container-muxer-webm: aa71ff27fc2769a1b78a27578f13a17b -> 
  custom:container-demuxer-webm: 4f35f7cbe854078d1ac9338744f61a02 -> 
  custom:container-demuxer-ogg: 62fdf1f143b41e24485cea50d1cbac27 -> 
  custom:video-encoder-webm-vp8: eb34c28f22e8b96e1ab97ce403110664 -> 
  custom:video-codec-MediaFoundation-h265: 746d11721c4dcdbdad8f713fa42b33f4 -> 
  custom:video-decoder-webm-vp8: 9c59270c3fd7afecdb556c50c9e8de78 -> 
  custom:audio-decoder-ogg-vorbis: bf7c407c2cedff20999df2af8eb42d56 -> 
  custom:audio-encoder-webm-vorbis: bf7c407c2cedff20999df2af8eb42d56 -> 
========================================================================
Received Import Request.
  Time since last request: 118.752319 seconds.
  path: Assets/Batman-animation/BulletImpact.prefab
  artifactKey: Guid(16ccd63e0ed6644489d88dedb179d4ab) Importer(815301076,1909f56bfc062723c751e8b465ee728b)
Start importing Assets/Batman-animation/BulletImpact.prefab using Guid(16ccd63e0ed6644489d88dedb179d4ab) Importer(815301076,1909f56bfc062723c751e8b465ee728b)  -> (artifact id: '249ff54f3185e8e63718a2fe115b1c6c') in 0.157569 seconds 
  Import took 0.165248 seconds .

========================================================================
Received Import Request.
  Time since last request: 0.000965 seconds.
  path: Assets/Batman-animation/BulletImpact.prefab
  artifactKey: Guid(16ccd63e0ed6644489d88dedb179d4ab) Importer(815301076,1909f56bfc062723c751e8b465ee728b)
Start importing Assets/Batman-animation/BulletImpact.prefab using Guid(16ccd63e0ed6644489d88dedb179d4ab) Importer(815301076,1909f56bfc062723c751e8b465ee728b)  -> (artifact id: '249ff54f3185e8e63718a2fe115b1c6c') in 0.039227 seconds 
  Import took 0.045597 seconds .

========================================================================
Received Prepare
Registering precompiled user dll's ...
Registered in 0.005954 seconds.
Begin MonoManager ReloadAssembly
Native extension for WindowsStandalone target not found
Native extension for WebGL target not found
Refreshing native plugins compatible for Editor in 1.13 ms, found 3 plugins.
Preloading 0 native plugins for Editor in 0.00 ms.
Mono: successfully reloaded assembly
- Completed reload, in  1.819 seconds
Platform modules already initialized, skipping
Refreshing native plugins compatible for Editor in 1.01 ms, found 3 plugins.
Preloading 0 native plugins for Editor in 0.00 ms.
Unloading 2560 Unused Serialized files (Serialized files now loaded: 0)
System memory in use before: 108.3 MB.
System memory in use after: 108.6 MB.

Unloading 52 unused Assets to reduce memory usage. Loaded Objects now: 3055.
Total: 7.671400 ms (FindLiveObjects: 0.282400 ms CreateObjectMapping: 0.121000 ms MarkObjects: 7.234100 ms  DeleteObjects: 0.032700 ms)

AssetImportParameters requested are different than current active one (requested -> active):
  custom:framework-win-MediaFoundation: 216162199b28c13a410421893ffa2e32 -> 
  custom:video-decoder-ogg-theora: a1e56fd34408186e4bbccfd4996cb3dc -> 
  custom:container-muxer-webm: aa71ff27fc2769a1b78a27578f13a17b -> 
  custom:container-demuxer-webm: 4f35f7cbe854078d1ac9338744f61a02 -> 
  custom:container-demuxer-ogg: 62fdf1f143b41e24485cea50d1cbac27 -> 
  custom:video-encoder-webm-vp8: eb34c28f22e8b96e1ab97ce403110664 -> 
  custom:video-codec-MediaFoundation-h265: 746d11721c4dcdbdad8f713fa42b33f4 -> 
  custom:video-decoder-webm-vp8: 9c59270c3fd7afecdb556c50c9e8de78 -> 
  custom:audio-decoder-ogg-vorbis: bf7c407c2cedff20999df2af8eb42d56 -> 
  custom:audio-encoder-webm-vorbis: bf7c407c2cedff20999df2af8eb42d56 -> 
========================================================================
Received Prepare
Registering precompiled user dll's ...
Registered in 0.010181 seconds.
Begin MonoManager ReloadAssembly
Native extension for WindowsStandalone target not found
Native extension for WebGL target not found
Refreshing native plugins compatible for Editor in 0.99 ms, found 3 plugins.
Preloading 0 native plugins for Editor in 0.00 ms.
Mono: successfully reloaded assembly
- Completed reload, in  2.004 seconds
Platform modules already initialized, skipping
Refreshing native plugins compatible for Editor in 1.12 ms, found 3 plugins.
Preloading 0 native plugins for Editor in 0.00 ms.
Unloading 2560 Unused Serialized files (Serialized files now loaded: 0)
System memory in use before: 108.4 MB.
System memory in use after: 108.6 MB.

Unloading 52 unused Assets to reduce memory usage. Loaded Objects now: 3059.
Total: 9.704800 ms (FindLiveObjects: 0.309800 ms CreateObjectMapping: 0.134600 ms MarkObjects: 9.209900 ms  DeleteObjects: 0.048700 ms)

AssetImportParameters requested are different than current active one (requested -> active):
  custom:framework-win-MediaFoundation: 216162199b28c13a410421893ffa2e32 -> 
  custom:video-decoder-ogg-theora: a1e56fd34408186e4bbccfd4996cb3dc -> 
  custom:container-muxer-webm: aa71ff27fc2769a1b78a27578f13a17b -> 
  custom:container-demuxer-webm: 4f35f7cbe854078d1ac9338744f61a02 -> 
  custom:container-demuxer-ogg: 62fdf1f143b41e24485cea50d1cbac27 -> 
  custom:video-encoder-webm-vp8: eb34c28f22e8b96e1ab97ce403110664 -> 
  custom:video-codec-MediaFoundation-h265: 746d11721c4dcdbdad8f713fa42b33f4 -> 
  custom:video-decoder-webm-vp8: 9c59270c3fd7afecdb556c50c9e8de78 -> 
  custom:audio-decoder-ogg-vorbis: bf7c407c2cedff20999df2af8eb42d56 -> 
  custom:audio-encoder-webm-vorbis: bf7c407c2cedff20999df2af8eb42d56 -> 
========================================================================
Received Prepare
Registering precompiled user dll's ...
Registered in 0.009682 seconds.
Begin MonoManager ReloadAssembly
Native extension for WindowsStandalone target not found
Native extension for WebGL target not found
Refreshing native plugins compatible for Editor in 1.33 ms, found 3 plugins.
Preloading 0 native plugins for Editor in 0.00 ms.
Mono: successfully reloaded assembly
- Completed reload, in  1.963 seconds
Platform modules already initialized, skipping
Refreshing native plugins compatible for Editor in 1.25 ms, found 3 plugins.
Preloading 0 native plugins for Editor in 0.00 ms.
Unloading 2560 Unused Serialized files (Serialized files now loaded: 0)
System memory in use before: 108.3 MB.
System memory in use after: 108.5 MB.

Unloading 52 unused Assets to reduce memory usage. Loaded Objects now: 3063.
Total: 10.977900 ms (FindLiveObjects: 0.322400 ms CreateObjectMapping: 0.177500 ms MarkObjects: 10.406700 ms  DeleteObjects: 0.069600 ms)

AssetImportParameters requested are different than current active one (requested -> active):
  custom:framework-win-MediaFoundation: 216162199b28c13a410421893ffa2e32 -> 
  custom:video-decoder-ogg-theora: a1e56fd34408186e4bbccfd4996cb3dc -> 
  custom:container-muxer-webm: aa71ff27fc2769a1b78a27578f13a17b -> 
  custom:container-demuxer-webm: 4f35f7cbe854078d1ac9338744f61a02 -> 
  custom:container-demuxer-ogg: 62fdf1f143b41e24485cea50d1cbac27 -> 
  custom:video-encoder-webm-vp8: eb34c28f22e8b96e1ab97ce403110664 -> 
  custom:video-codec-MediaFoundation-h265: 746d11721c4dcdbdad8f713fa42b33f4 -> 
  custom:video-decoder-webm-vp8: 9c59270c3fd7afecdb556c50c9e8de78 -> 
  custom:audio-decoder-ogg-vorbis: bf7c407c2cedff20999df2af8eb42d56 -> 
  custom:audio-encoder-webm-vorbis: bf7c407c2cedff20999df2af8eb42d56 -> 
========================================================================
Received Import Request.
  Time since last request: 552.316112 seconds.
  path: Assets/Batman-animation/bulletimpact.anim
  artifactKey: Guid(9829b21709f85184f951ba9bc0333e37) Importer(815301076,1909f56bfc062723c751e8b465ee728b)
Start importing Assets/Batman-animation/bulletimpact.anim using Guid(9829b21709f85184f951ba9bc0333e37) Importer(815301076,1909f56bfc062723c751e8b465ee728b)  -> (artifact id: '2f50e7fa0ed3e102ef5eff34ca2a9dd6') in 0.030786 seconds 
  Import took 0.037242 seconds .

========================================================================
Received Import Request.
  Time since last request: 0.003877 seconds.
  path: Assets/Batman-animation/bulletimpact.anim
  artifactKey: Guid(9829b21709f85184f951ba9bc0333e37) Importer(815301076,1909f56bfc062723c751e8b465ee728b)
Start importing Assets/Batman-animation/bulletimpact.anim using Guid(9829b21709f85184f951ba9bc0333e37) Importer(815301076,1909f56bfc062723c751e8b465ee728b)  -> (artifact id: '2f50e7fa0ed3e102ef5eff34ca2a9dd6') in 0.004927 seconds 
  Import took 0.012579 seconds .

========================================================================
Received Prepare
Registering precompiled user dll's ...
Registered in 0.010501 seconds.
Begin MonoManager ReloadAssembly
Native extension for WindowsStandalone target not found
Native extension for WebGL target not found
Refreshing native plugins compatible for Editor in 0.82 ms, found 3 plugins.
Preloading 0 native plugins for Editor in 0.00 ms.
Mono: successfully reloaded assembly
- Completed reload, in  1.480 seconds
Platform modules already initialized, skipping
Refreshing native plugins compatible for Editor in 0.98 ms, found 3 plugins.
Preloading 0 native plugins for Editor in 0.00 ms.
Unloading 2560 Unused Serialized files (Serialized files now loaded: 0)
System memory in use before: 108.4 MB.
System memory in use after: 108.6 MB.

Unloading 52 unused Assets to reduce memory usage. Loaded Objects now: 3067.
Total: 6.768400 ms (FindLiveObjects: 0.265600 ms CreateObjectMapping: 0.111900 ms MarkObjects: 6.348300 ms  DeleteObjects: 0.041300 ms)

AssetImportParameters requested are different than current active one (requested -> active):
  custom:framework-win-MediaFoundation: 216162199b28c13a410421893ffa2e32 -> 
  custom:video-decoder-ogg-theora: a1e56fd34408186e4bbccfd4996cb3dc -> 
  custom:container-muxer-webm: aa71ff27fc2769a1b78a27578f13a17b -> 
  custom:container-demuxer-webm: 4f35f7cbe854078d1ac9338744f61a02 -> 
  custom:container-demuxer-ogg: 62fdf1f143b41e24485cea50d1cbac27 -> 
  custom:video-encoder-webm-vp8: eb34c28f22e8b96e1ab97ce403110664 -> 
  custom:video-codec-MediaFoundation-h265: 746d11721c4dcdbdad8f713fa42b33f4 -> 
  custom:video-decoder-webm-vp8: 9c59270c3fd7afecdb556c50c9e8de78 -> 
  custom:audio-decoder-ogg-vorbis: bf7c407c2cedff20999df2af8eb42d56 -> 
  custom:audio-encoder-webm-vorbis: bf7c407c2cedff20999df2af8eb42d56 -> 
========================================================================
Received Import Request.
  Time since last request: 165.973153 seconds.
  path: Assets/Batman-animation/Batman.controller
  artifactKey: Guid(f73b3cddc61df8744ab239e3cf2e74d6) Importer(815301076,1909f56bfc062723c751e8b465ee728b)
Start importing Assets/Batman-animation/Batman.controller using Guid(f73b3cddc61df8744ab239e3cf2e74d6) Importer(815301076,1909f56bfc062723c751e8b465ee728b)  -> (artifact id: '941f9323d10a9fa9c32bd6e39ce3b62b') in 0.027170 seconds 
  Import took 0.033267 seconds .

========================================================================
Received Import Request.
  Time since last request: 64.360983 seconds.
  path: Assets/Bullet.cs
  artifactKey: Guid(f74f235add91af74a803fcaf43af02d2) Importer(815301076,1909f56bfc062723c751e8b465ee728b)
Start importing Assets/Bullet.cs using Guid(f74f235add91af74a803fcaf43af02d2) Importer(815301076,1909f56bfc062723c751e8b465ee728b)  -> (artifact id: '0b2b0dacb7d6e22c07a632bf4c907cc2') in 0.003299 seconds 
  Import took 0.012126 seconds .

========================================================================
Received Import Request.
  Time since last request: 0.002672 seconds.
  path: Assets/Bullet.cs
  artifactKey: Guid(f74f235add91af74a803fcaf43af02d2) Importer(815301076,1909f56bfc062723c751e8b465ee728b)
Start importing Assets/Bullet.cs using Guid(f74f235add91af74a803fcaf43af02d2) Importer(815301076,1909f56bfc062723c751e8b465ee728b)  -> (artifact id: '0b2b0dacb7d6e22c07a632bf4c907cc2') in 0.003596 seconds 
  Import took 0.010506 seconds .

========================================================================
Received Prepare
Registering precompiled user dll's ...
Registered in 0.010147 seconds.
Begin MonoManager ReloadAssembly
Native extension for WindowsStandalone target not found
Native extension for WebGL target not found
Refreshing native plugins compatible for Editor in 0.75 ms, found 3 plugins.
Preloading 0 native plugins for Editor in 0.00 ms.
Mono: successfully reloaded assembly
- Completed reload, in  1.711 seconds
Platform modules already initialized, skipping
Refreshing native plugins compatible for Editor in 0.95 ms, found 3 plugins.
Preloading 0 native plugins for Editor in 0.00 ms.
Unloading 2560 Unused Serialized files (Serialized files now loaded: 0)
System memory in use before: 108.4 MB.
System memory in use after: 108.6 MB.

Unloading 52 unused Assets to reduce memory usage. Loaded Objects now: 3071.
Total: 7.710600 ms (FindLiveObjects: 0.300900 ms CreateObjectMapping: 0.096700 ms MarkObjects: 7.273700 ms  DeleteObjects: 0.038200 ms)

AssetImportParameters requested are different than current active one (requested -> active):
  custom:framework-win-MediaFoundation: 216162199b28c13a410421893ffa2e32 -> 
  custom:video-decoder-ogg-theora: a1e56fd34408186e4bbccfd4996cb3dc -> 
  custom:container-muxer-webm: aa71ff27fc2769a1b78a27578f13a17b -> 
  custom:container-demuxer-webm: 4f35f7cbe854078d1ac9338744f61a02 -> 
  custom:container-demuxer-ogg: 62fdf1f143b41e24485cea50d1cbac27 -> 
  custom:video-encoder-webm-vp8: eb34c28f22e8b96e1ab97ce403110664 -> 
  custom:video-codec-MediaFoundation-h265: 746d11721c4dcdbdad8f713fa42b33f4 -> 
  custom:video-decoder-webm-vp8: 9c59270c3fd7afecdb556c50c9e8de78 -> 
  custom:audio-decoder-ogg-vorbis: bf7c407c2cedff20999df2af8eb42d56 -> 
  custom:audio-encoder-webm-vorbis: bf7c407c2cedff20999df2af8eb42d56 -> 
========================================================================
Received Import Request.
  Time since last request: 9.176722 seconds.
  path: Assets/Batman-animation/Shooting.cs
  artifactKey: Guid(9505202c4087b6a48802b84237ee16ab) Importer(815301076,1909f56bfc062723c751e8b465ee728b)
Start importing Assets/Batman-animation/Shooting.cs using Guid(9505202c4087b6a48802b84237ee16ab) Importer(815301076,1909f56bfc062723c751e8b465ee728b)  -> (artifact id: 'dc0376e8947fde560a9d651791b7a2ee') in 0.008480 seconds 
  Import took 0.017190 seconds .

========================================================================
Received Import Request.
  Time since last request: 58.835976 seconds.
  path: Assets/Batman-animation/Enemy.cs
  artifactKey: Guid(94d154d76450e0e45a8a81e758cffe3d) Importer(815301076,1909f56bfc062723c751e8b465ee728b)
Start importing Assets/Batman-animation/Enemy.cs using Guid(94d154d76450e0e45a8a81e758cffe3d) Importer(815301076,1909f56bfc062723c751e8b465ee728b)  -> (artifact id: '56fd28509c4d8e42833ef9ba803a68b0') in 0.003775 seconds 
  Import took 0.012130 seconds .

========================================================================
Received Import Request.
  Time since last request: 0.041532 seconds.
  path: Assets/Batman-animation/Enemy.cs
  artifactKey: Guid(94d154d76450e0e45a8a81e758cffe3d) Importer(815301076,1909f56bfc062723c751e8b465ee728b)
Start importing Assets/Batman-animation/Enemy.cs using Guid(94d154d76450e0e45a8a81e758cffe3d) Importer(815301076,1909f56bfc062723c751e8b465ee728b)  -> (artifact id: '56fd28509c4d8e42833ef9ba803a68b0') in 0.003830 seconds 
  Import took 0.009644 seconds .

========================================================================
Received Prepare
Registering precompiled user dll's ...
Registered in 0.011335 seconds.
Begin MonoManager ReloadAssembly
Native extension for WindowsStandalone target not found
Native extension for WebGL target not found
Refreshing native plugins compatible for Editor in 0.99 ms, found 3 plugins.
Preloading 0 native plugins for Editor in 0.00 ms.
Mono: successfully reloaded assembly
- Completed reload, in  1.742 seconds
Platform modules already initialized, skipping
Refreshing native plugins compatible for Editor in 1.82 ms, found 3 plugins.
Preloading 0 native plugins for Editor in 0.00 ms.
Unloading 2560 Unused Serialized files (Serialized files now loaded: 0)
System memory in use before: 108.4 MB.
System memory in use after: 108.6 MB.

Unloading 52 unused Assets to reduce memory usage. Loaded Objects now: 3075.
Total: 16.768500 ms (FindLiveObjects: 0.405400 ms CreateObjectMapping: 0.188500 ms MarkObjects: 16.104900 ms  DeleteObjects: 0.068100 ms)

AssetImportParameters requested are different than current active one (requested -> active):
  custom:framework-win-MediaFoundation: 216162199b28c13a410421893ffa2e32 -> 
  custom:video-decoder-ogg-theora: a1e56fd34408186e4bbccfd4996cb3dc -> 
  custom:container-muxer-webm: aa71ff27fc2769a1b78a27578f13a17b -> 
  custom:container-demuxer-webm: 4f35f7cbe854078d1ac9338744f61a02 -> 
  custom:container-demuxer-ogg: 62fdf1f143b41e24485cea50d1cbac27 -> 
  custom:video-encoder-webm-vp8: eb34c28f22e8b96e1ab97ce403110664 -> 
  custom:video-codec-MediaFoundation-h265: 746d11721c4dcdbdad8f713fa42b33f4 -> 
  custom:video-decoder-webm-vp8: 9c59270c3fd7afecdb556c50c9e8de78 -> 
  custom:audio-decoder-ogg-vorbis: bf7c407c2cedff20999df2af8eb42d56 -> 
  custom:audio-encoder-webm-vorbis: bf7c407c2cedff20999df2af8eb42d56 -> 
========================================================================
Received Import Request.
  Time since last request: 23.204227 seconds.
  path: Assets/Batman-animation/Enemy.cs
  artifactKey: Guid(94d154d76450e0e45a8a81e758cffe3d) Importer(815301076,1909f56bfc062723c751e8b465ee728b)
Start importing Assets/Batman-animation/Enemy.cs using Guid(94d154d76450e0e45a8a81e758cffe3d) Importer(815301076,1909f56bfc062723c751e8b465ee728b)  -> (artifact id: '48b67857891684d83814509c06f2f2a2') in 0.015584 seconds 
  Import took 0.029186 seconds .

========================================================================
Received Import Request.
  Time since last request: 58.445299 seconds.
  path: Assets/Batman-animation/Bullet.cs
  artifactKey: Guid(94624ec399227174fa276239567796c1) Importer(815301076,1909f56bfc062723c751e8b465ee728b)
Start importing Assets/Batman-animation/Bullet.cs using Guid(94624ec399227174fa276239567796c1) Importer(815301076,1909f56bfc062723c751e8b465ee728b)  -> (artifact id: 'd21482c566bcee546759e0be317950c1') in 0.003282 seconds 
  Import took 0.012814 seconds .

========================================================================
Received Import Request.
  Time since last request: 118.773369 seconds.
  path: Assets/Batman-animation/Default_idle.anim
  artifactKey: Guid(1a13b43d0eda04344935790fc05bd503) Importer(815301076,1909f56bfc062723c751e8b465ee728b)
Start importing Assets/Batman-animation/Default_idle.anim using Guid(1a13b43d0eda04344935790fc05bd503) Importer(815301076,1909f56bfc062723c751e8b465ee728b)  -> (artifact id: 'c238033a02173e8fa28f3c3fe5ccb7fe') in 0.028159 seconds 
  Import took 0.037972 seconds .

========================================================================
Received Import Request.
  Time since last request: 0.003298 seconds.
  path: Assets/Batman-animation/Default_idle.anim
  artifactKey: Guid(1a13b43d0eda04344935790fc05bd503) Importer(815301076,1909f56bfc062723c751e8b465ee728b)
Start importing Assets/Batman-animation/Default_idle.anim using Guid(1a13b43d0eda04344935790fc05bd503) Importer(815301076,1909f56bfc062723c751e8b465ee728b)  -> (artifact id: 'c238033a02173e8fa28f3c3fe5ccb7fe') in 0.006224 seconds 
  Import took 0.014653 seconds .

========================================================================
Received Prepare
Registering precompiled user dll's ...
Registered in 0.006060 seconds.
Begin MonoManager ReloadAssembly
Native extension for WindowsStandalone target not found
Native extension for WebGL target not found
Refreshing native plugins compatible for Editor in 0.83 ms, found 3 plugins.
Preloading 0 native plugins for Editor in 0.00 ms.
Mono: successfully reloaded assembly
- Completed reload, in  1.690 seconds
Platform modules already initialized, skipping
Refreshing native plugins compatible for Editor in 1.05 ms, found 3 plugins.
Preloading 0 native plugins for Editor in 0.00 ms.
Unloading 2560 Unused Serialized files (Serialized files now loaded: 0)
System memory in use before: 108.4 MB.
System memory in use after: 108.6 MB.

Unloading 52 unused Assets to reduce memory usage. Loaded Objects now: 3079.
Total: 7.493500 ms (FindLiveObjects: 0.288000 ms CreateObjectMapping: 0.125500 ms MarkObjects: 7.018200 ms  DeleteObjects: 0.060100 ms)

AssetImportParameters requested are different than current active one (requested -> active):
  custom:framework-win-MediaFoundation: 216162199b28c13a410421893ffa2e32 -> 
  custom:video-decoder-ogg-theora: a1e56fd34408186e4bbccfd4996cb3dc -> 
  custom:container-muxer-webm: aa71ff27fc2769a1b78a27578f13a17b -> 
  custom:container-demuxer-webm: 4f35f7cbe854078d1ac9338744f61a02 -> 
  custom:container-demuxer-ogg: 62fdf1f143b41e24485cea50d1cbac27 -> 
  custom:video-encoder-webm-vp8: eb34c28f22e8b96e1ab97ce403110664 -> 
  custom:video-codec-MediaFoundation-h265: 746d11721c4dcdbdad8f713fa42b33f4 -> 
  custom:video-decoder-webm-vp8: 9c59270c3fd7afecdb556c50c9e8de78 -> 
  custom:audio-decoder-ogg-vorbis: bf7c407c2cedff20999df2af8eb42d56 -> 
  custom:audio-encoder-webm-vorbis: bf7c407c2cedff20999df2af8eb42d56 -> 
========================================================================
Received Import Request.
  Time since last request: 88.938957 seconds.
  path: Assets/Batman-animation/Bullet.cs
  artifactKey: Guid(94624ec399227174fa276239567796c1) Importer(815301076,1909f56bfc062723c751e8b465ee728b)
Start importing Assets/Batman-animation/Bullet.cs using Guid(94624ec399227174fa276239567796c1) Importer(815301076,1909f56bfc062723c751e8b465ee728b)  -> (artifact id: '0a08f07abc8f279505d6a8921443385e') in 0.007134 seconds 
  Import took 0.013878 seconds .

========================================================================
Received Prepare
Registering precompiled user dll's ...
Registered in 0.010067 seconds.
Begin MonoManager ReloadAssembly
Native extension for WindowsStandalone target not found
Native extension for WebGL target not found
Refreshing native plugins compatible for Editor in 1.06 ms, found 3 plugins.
Preloading 0 native plugins for Editor in 0.00 ms.
Mono: successfully reloaded assembly
- Completed reload, in  2.104 seconds
Platform modules already initialized, skipping
Refreshing native plugins compatible for Editor in 1.54 ms, found 3 plugins.
Preloading 0 native plugins for Editor in 0.00 ms.
Unloading 2560 Unused Serialized files (Serialized files now loaded: 0)
System memory in use before: 108.3 MB.
System memory in use after: 108.5 MB.

Unloading 52 unused Assets to reduce memory usage. Loaded Objects now: 3083.
Total: 12.577900 ms (FindLiveObjects: 0.387100 ms CreateObjectMapping: 0.215500 ms MarkObjects: 11.918100 ms  DeleteObjects: 0.055100 ms)

AssetImportParameters requested are different than current active one (requested -> active):
  custom:framework-win-MediaFoundation: 216162199b28c13a410421893ffa2e32 -> 
  custom:video-decoder-ogg-theora: a1e56fd34408186e4bbccfd4996cb3dc -> 
  custom:container-muxer-webm: aa71ff27fc2769a1b78a27578f13a17b -> 
  custom:container-demuxer-webm: 4f35f7cbe854078d1ac9338744f61a02 -> 
  custom:container-demuxer-ogg: 62fdf1f143b41e24485cea50d1cbac27 -> 
  custom:video-encoder-webm-vp8: eb34c28f22e8b96e1ab97ce403110664 -> 
  custom:video-codec-MediaFoundation-h265: 746d11721c4dcdbdad8f713fa42b33f4 -> 
  custom:video-decoder-webm-vp8: 9c59270c3fd7afecdb556c50c9e8de78 -> 
  custom:audio-decoder-ogg-vorbis: bf7c407c2cedff20999df2af8eb42d56 -> 
  custom:audio-encoder-webm-vorbis: bf7c407c2cedff20999df2af8eb42d56 -> 
========================================================================
Received Import Request.
  Time since last request: 79.033896 seconds.
  path: Assets/Batman-animation/enemyDeathImpact.prefab
  artifactKey: Guid(9976e7f79e418f842b372adcd704fc9b) Importer(815301076,1909f56bfc062723c751e8b465ee728b)
Start importing Assets/Batman-animation/enemyDeathImpact.prefab using Guid(9976e7f79e418f842b372adcd704fc9b) Importer(815301076,1909f56bfc062723c751e8b465ee728b)  -> (artifact id: '58f810384de19b659daa931e57b437d2') in 0.131836 seconds 
  Import took 0.140177 seconds .

========================================================================
Received Prepare
Registering precompiled user dll's ...
Registered in 0.006169 seconds.
Begin MonoManager ReloadAssembly
Native extension for WindowsStandalone target not found
Native extension for WebGL target not found
Refreshing native plugins compatible for Editor in 1.43 ms, found 3 plugins.
Preloading 0 native plugins for Editor in 0.00 ms.
Mono: successfully reloaded assembly
- Completed reload, in  1.735 seconds
Platform modules already initialized, skipping
Refreshing native plugins compatible for Editor in 1.12 ms, found 3 plugins.
Preloading 0 native plugins for Editor in 0.00 ms.
Unloading 2560 Unused Serialized files (Serialized files now loaded: 0)
System memory in use before: 108.4 MB.
System memory in use after: 108.7 MB.

Unloading 52 unused Assets to reduce memory usage. Loaded Objects now: 3088.
Total: 12.132300 ms (FindLiveObjects: 0.450700 ms CreateObjectMapping: 0.537600 ms MarkObjects: 11.095600 ms  DeleteObjects: 0.046300 ms)

AssetImportParameters requested are different than current active one (requested -> active):
  custom:framework-win-MediaFoundation: 216162199b28c13a410421893ffa2e32 -> 
  custom:video-decoder-ogg-theora: a1e56fd34408186e4bbccfd4996cb3dc -> 
  custom:container-muxer-webm: aa71ff27fc2769a1b78a27578f13a17b -> 
  custom:container-demuxer-webm: 4f35f7cbe854078d1ac9338744f61a02 -> 
  custom:container-demuxer-ogg: 62fdf1f143b41e24485cea50d1cbac27 -> 
  custom:video-encoder-webm-vp8: eb34c28f22e8b96e1ab97ce403110664 -> 
  custom:video-codec-MediaFoundation-h265: 746d11721c4dcdbdad8f713fa42b33f4 -> 
  custom:video-decoder-webm-vp8: 9c59270c3fd7afecdb556c50c9e8de78 -> 
  custom:audio-decoder-ogg-vorbis: bf7c407c2cedff20999df2af8eb42d56 -> 
  custom:audio-encoder-webm-vorbis: bf7c407c2cedff20999df2af8eb42d56 -> 
========================================================================
Received Prepare
Registering precompiled user dll's ...
Registered in 0.007069 seconds.
Begin MonoManager ReloadAssembly
Native extension for WindowsStandalone target not found
Native extension for WebGL target not found
Refreshing native plugins compatible for Editor in 1.07 ms, found 3 plugins.
Preloading 0 native plugins for Editor in 0.00 ms.
Mono: successfully reloaded assembly
- Completed reload, in  1.697 seconds
Platform modules already initialized, skipping
Refreshing native plugins compatible for Editor in 1.04 ms, found 3 plugins.
Preloading 0 native plugins for Editor in 0.00 ms.
Unloading 2560 Unused Serialized files (Serialized files now loaded: 0)
System memory in use before: 108.4 MB.
System memory in use after: 108.7 MB.

Unloading 52 unused Assets to reduce memory usage. Loaded Objects now: 3092.
Total: 7.301300 ms (FindLiveObjects: 0.292200 ms CreateObjectMapping: 0.129200 ms MarkObjects: 6.844700 ms  DeleteObjects: 0.033700 ms)

AssetImportParameters requested are different than current active one (requested -> active):
  custom:framework-win-MediaFoundation: 216162199b28c13a410421893ffa2e32 -> 
  custom:video-decoder-ogg-theora: a1e56fd34408186e4bbccfd4996cb3dc -> 
  custom:container-muxer-webm: aa71ff27fc2769a1b78a27578f13a17b -> 
  custom:container-demuxer-webm: 4f35f7cbe854078d1ac9338744f61a02 -> 
  custom:container-demuxer-ogg: 62fdf1f143b41e24485cea50d1cbac27 -> 
  custom:video-encoder-webm-vp8: eb34c28f22e8b96e1ab97ce403110664 -> 
  custom:video-codec-MediaFoundation-h265: 746d11721c4dcdbdad8f713fa42b33f4 -> 
  custom:video-decoder-webm-vp8: 9c59270c3fd7afecdb556c50c9e8de78 -> 
  custom:audio-decoder-ogg-vorbis: bf7c407c2cedff20999df2af8eb42d56 -> 
  custom:audio-encoder-webm-vorbis: bf7c407c2cedff20999df2af8eb42d56 -> 
========================================================================
Received Prepare
Registering precompiled user dll's ...
Registered in 0.008727 seconds.
Begin MonoManager ReloadAssembly
Native extension for WindowsStandalone target not found
Native extension for WebGL target not found
Refreshing native plugins compatible for Editor in 1.78 ms, found 3 plugins.
Preloading 0 native plugins for Editor in 0.00 ms.
Mono: successfully reloaded assembly
- Completed reload, in  2.031 seconds
Platform modules already initialized, skipping
Refreshing native plugins compatible for Editor in 1.39 ms, found 3 plugins.
Preloading 0 native plugins for Editor in 0.00 ms.
Unloading 2560 Unused Serialized files (Serialized files now loaded: 0)
System memory in use before: 108.5 MB.
System memory in use after: 108.7 MB.

Unloading 52 unused Assets to reduce memory usage. Loaded Objects now: 3096.
Total: 11.315100 ms (FindLiveObjects: 0.684500 ms CreateObjectMapping: 0.381000 ms MarkObjects: 10.184500 ms  DeleteObjects: 0.062400 ms)

AssetImportParameters requested are different than current active one (requested -> active):
  custom:framework-win-MediaFoundation: 216162199b28c13a410421893ffa2e32 -> 
  custom:video-decoder-ogg-theora: a1e56fd34408186e4bbccfd4996cb3dc -> 
  custom:container-muxer-webm: aa71ff27fc2769a1b78a27578f13a17b -> 
  custom:container-demuxer-webm: 4f35f7cbe854078d1ac9338744f61a02 -> 
  custom:container-demuxer-ogg: 62fdf1f143b41e24485cea50d1cbac27 -> 
  custom:video-encoder-webm-vp8: eb34c28f22e8b96e1ab97ce403110664 -> 
  custom:video-codec-MediaFoundation-h265: 746d11721c4dcdbdad8f713fa42b33f4 -> 
  custom:video-decoder-webm-vp8: 9c59270c3fd7afecdb556c50c9e8de78 -> 
  custom:audio-decoder-ogg-vorbis: bf7c407c2cedff20999df2af8eb42d56 -> 
  custom:audio-encoder-webm-vorbis: bf7c407c2cedff20999df2af8eb42d56 -> 
========================================================================
Received Prepare
Registering precompiled user dll's ...
Registered in 0.010989 seconds.
Begin MonoManager ReloadAssembly
Native extension for WindowsStandalone target not found
Native extension for WebGL target not found
Refreshing native plugins compatible for Editor in 0.91 ms, found 3 plugins.
Preloading 0 native plugins for Editor in 0.00 ms.
Mono: successfully reloaded assembly
- Completed reload, in  1.441 seconds
Platform modules already initialized, skipping
Refreshing native plugins compatible for Editor in 0.97 ms, found 3 plugins.
Preloading 0 native plugins for Editor in 0.00 ms.
Unloading 2560 Unused Serialized files (Serialized files now loaded: 0)
System memory in use before: 108.5 MB.
System memory in use after: 108.7 MB.

Unloading 52 unused Assets to reduce memory usage. Loaded Objects now: 3100.
Total: 7.787300 ms (FindLiveObjects: 0.317300 ms CreateObjectMapping: 0.125600 ms MarkObjects: 7.303000 ms  DeleteObjects: 0.040100 ms)

AssetImportParameters requested are different than current active one (requested -> active):
  custom:framework-win-MediaFoundation: 216162199b28c13a410421893ffa2e32 -> 
  custom:video-decoder-ogg-theora: a1e56fd34408186e4bbccfd4996cb3dc -> 
  custom:container-muxer-webm: aa71ff27fc2769a1b78a27578f13a17b -> 
  custom:container-demuxer-webm: 4f35f7cbe854078d1ac9338744f61a02 -> 
  custom:container-demuxer-ogg: 62fdf1f143b41e24485cea50d1cbac27 -> 
  custom:video-encoder-webm-vp8: eb34c28f22e8b96e1ab97ce403110664 -> 
  custom:video-codec-MediaFoundation-h265: 746d11721c4dcdbdad8f713fa42b33f4 -> 
  custom:video-decoder-webm-vp8: 9c59270c3fd7afecdb556c50c9e8de78 -> 
  custom:audio-decoder-ogg-vorbis: bf7c407c2cedff20999df2af8eb42d56 -> 
  custom:audio-encoder-webm-vorbis: bf7c407c2cedff20999df2af8eb42d56 -> 
========================================================================
Received Import Request.
  Time since last request: 250.572128 seconds.
  path: Assets/Batman-animation/Bullet.cs
  artifactKey: Guid(94624ec399227174fa276239567796c1) Importer(815301076,1909f56bfc062723c751e8b465ee728b)
Start importing Assets/Batman-animation/Bullet.cs using Guid(94624ec399227174fa276239567796c1) Importer(815301076,1909f56bfc062723c751e8b465ee728b)  -> (artifact id: '39751ae44ff6ef3dc7c6a4f2fa8f1ac9') in 0.006560 seconds 
  Import took 0.014269 seconds .

========================================================================
Received Import Request.
  Time since last request: 0.000426 seconds.
  path: Assets/Batman-animation/Bullet.cs
  artifactKey: Guid(94624ec399227174fa276239567796c1) Importer(815301076,1909f56bfc062723c751e8b465ee728b)
Start importing Assets/Batman-animation/Bullet.cs using Guid(94624ec399227174fa276239567796c1) Importer(815301076,1909f56bfc062723c751e8b465ee728b)  -> (artifact id: '39751ae44ff6ef3dc7c6a4f2fa8f1ac9') in 0.002927 seconds 
  Import took 0.009461 seconds .

========================================================================
Received Prepare
Registering precompiled user dll's ...
Registered in 0.011688 seconds.
Begin MonoManager ReloadAssembly
Native extension for WindowsStandalone target not found
Native extension for WebGL target not found
Refreshing native plugins compatible for Editor in 0.90 ms, found 3 plugins.
Preloading 0 native plugins for Editor in 0.00 ms.
Mono: successfully reloaded assembly
- Completed reload, in  1.730 seconds
Platform modules already initialized, skipping
Refreshing native plugins compatible for Editor in 1.04 ms, found 3 plugins.
Preloading 0 native plugins for Editor in 0.00 ms.
Unloading 2560 Unused Serialized files (Serialized files now loaded: 0)
System memory in use before: 108.4 MB.
System memory in use after: 108.6 MB.

Unloading 52 unused Assets to reduce memory usage. Loaded Objects now: 3104.
Total: 7.477100 ms (FindLiveObjects: 0.305400 ms CreateObjectMapping: 0.139300 ms MarkObjects: 6.998200 ms  DeleteObjects: 0.033100 ms)

AssetImportParameters requested are different than current active one (requested -> active):
  custom:framework-win-MediaFoundation: 216162199b28c13a410421893ffa2e32 -> 
  custom:video-decoder-ogg-theora: a1e56fd34408186e4bbccfd4996cb3dc -> 
  custom:container-muxer-webm: aa71ff27fc2769a1b78a27578f13a17b -> 
  custom:container-demuxer-webm: 4f35f7cbe854078d1ac9338744f61a02 -> 
  custom:container-demuxer-ogg: 62fdf1f143b41e24485cea50d1cbac27 -> 
  custom:video-encoder-webm-vp8: eb34c28f22e8b96e1ab97ce403110664 -> 
  custom:video-codec-MediaFoundation-h265: 746d11721c4dcdbdad8f713fa42b33f4 -> 
  custom:video-decoder-webm-vp8: 9c59270c3fd7afecdb556c50c9e8de78 -> 
  custom:audio-decoder-ogg-vorbis: bf7c407c2cedff20999df2af8eb42d56 -> 
  custom:audio-encoder-webm-vorbis: bf7c407c2cedff20999df2af8eb42d56 -> 
========================================================================
Received Prepare
Registering precompiled user dll's ...
Registered in 0.006280 seconds.
Begin MonoManager ReloadAssembly
Native extension for WindowsStandalone target not found
Native extension for WebGL target not found
Refreshing native plugins compatible for Editor in 0.86 ms, found 3 plugins.
Preloading 0 native plugins for Editor in 0.00 ms.
Mono: successfully reloaded assembly
- Completed reload, in  1.636 seconds
Platform modules already initialized, skipping
Refreshing native plugins compatible for Editor in 0.92 ms, found 3 plugins.
Preloading 0 native plugins for Editor in 0.00 ms.
Unloading 2560 Unused Serialized files (Serialized files now loaded: 0)
System memory in use before: 108.5 MB.
System memory in use after: 108.7 MB.

Unloading 52 unused Assets to reduce memory usage. Loaded Objects now: 3108.
Total: 7.868600 ms (FindLiveObjects: 0.288700 ms CreateObjectMapping: 0.148700 ms MarkObjects: 7.383200 ms  DeleteObjects: 0.046400 ms)

AssetImportParameters requested are different than current active one (requested -> active):
  custom:framework-win-MediaFoundation: 216162199b28c13a410421893ffa2e32 -> 
  custom:video-decoder-ogg-theora: a1e56fd34408186e4bbccfd4996cb3dc -> 
  custom:container-muxer-webm: aa71ff27fc2769a1b78a27578f13a17b -> 
  custom:container-demuxer-webm: 4f35f7cbe854078d1ac9338744f61a02 -> 
  custom:container-demuxer-ogg: 62fdf1f143b41e24485cea50d1cbac27 -> 
  custom:video-encoder-webm-vp8: eb34c28f22e8b96e1ab97ce403110664 -> 
  custom:video-codec-MediaFoundation-h265: 746d11721c4dcdbdad8f713fa42b33f4 -> 
  custom:video-decoder-webm-vp8: 9c59270c3fd7afecdb556c50c9e8de78 -> 
  custom:audio-decoder-ogg-vorbis: bf7c407c2cedff20999df2af8eb42d56 -> 
  custom:audio-encoder-webm-vorbis: bf7c407c2cedff20999df2af8eb42d56 -> 
========================================================================
Received Import Request.
  Time since last request: 240.183670 seconds.
  path: Assets/Batman-animation/Bulletimpact.controller
  artifactKey: Guid(7d8d439757271a1468d0dab04cb3a0a0) Importer(815301076,1909f56bfc062723c751e8b465ee728b)
Start importing Assets/Batman-animation/Bulletimpact.controller using Guid(7d8d439757271a1468d0dab04cb3a0a0) Importer(815301076,1909f56bfc062723c751e8b465ee728b)  -> (artifact id: 'c254cb5d0da5c43fe4c745f0e8205e8e') in 0.037727 seconds 
  Import took 0.043805 seconds .

========================================================================
Received Import Request.
  Time since last request: 209.802965 seconds.
  path: Assets/Batman-animation/BulletImpact.prefab
  artifactKey: Guid(16ccd63e0ed6644489d88dedb179d4ab) Importer(815301076,1909f56bfc062723c751e8b465ee728b)
Start importing Assets/Batman-animation/BulletImpact.prefab using Guid(16ccd63e0ed6644489d88dedb179d4ab) Importer(815301076,1909f56bfc062723c751e8b465ee728b)  -> (artifact id: 'bd2a1e4b9afefa87ecb8167d774c09be') in 0.080841 seconds 
  Import took 0.089184 seconds .

========================================================================
Received Import Request.
  Time since last request: 5.135953 seconds.
  path: Assets/Batman-animation/BulletImpact.prefab
  artifactKey: Guid(16ccd63e0ed6644489d88dedb179d4ab) Importer(815301076,1909f56bfc062723c751e8b465ee728b)
Start importing Assets/Batman-animation/BulletImpact.prefab using Guid(16ccd63e0ed6644489d88dedb179d4ab) Importer(815301076,1909f56bfc062723c751e8b465ee728b) The Animator Controller (Bulletimpact) you have used is not valid. Animations will not play
UnityEngine.StackTraceUtility:ExtractStackTrace ()
UnityEditor.EditorUtility:Internal_InstantiateRemoveAllNonAnimationComponentsSingle (UnityEngine.Object,UnityEngine.Vector3,UnityEngine.Quaternion)
UnityEditor.EditorUtility:InstantiateRemoveAllNonAnimationComponents (UnityEngine.Object,UnityEngine.Vector3,UnityEngine.Quaternion)
UnityEditor.EditorUtility:InstantiateForAnimatorPreview (UnityEngine.Object)
UnityEditor.GameObjectInspector/PreviewData:UpdateGameObject (UnityEngine.Object)
UnityEditor.GameObjectInspector/PreviewData:.ctor (UnityEngine.Object)
UnityEditor.GameObjectInspector:GetPreviewData ()
UnityEditor.GameObjectInspector:RenderStaticPreview (string,UnityEngine.Object[],int,int)
UnityEditor.AssetPreviewUpdater:CreatePreviewForAsset (UnityEngine.Object,UnityEngine.Object[],string)

[C:\buildslave\unity\build\Modules/Animation/Director/AnimatorControllerPlayable.cpp line 333]

The Animator Controller (Bulletimpact) you have used is not valid. Animations will not play
UnityEngine.StackTraceUtility:ExtractStackTrace ()
UnityEditor.EditorUtility:InitInstantiatedPreviewRecursive (UnityEngine.GameObject)
UnityEditor.EditorUtility:InstantiateForAnimatorPreview (UnityEngine.Object)
UnityEditor.GameObjectInspector/PreviewData:UpdateGameObject (UnityEngine.Object)
UnityEditor.GameObjectInspector/PreviewData:.ctor (UnityEngine.Object)
UnityEditor.GameObjectInspector:GetPreviewData ()
UnityEditor.GameObjectInspector:RenderStaticPreview (string,UnityEngine.Object[],int,int)
UnityEditor.AssetPreviewUpdater:CreatePreviewForAsset (UnityEngine.Object,UnityEngine.Object[],string)

[C:\buildslave\unity\build\Modules/Animation/Director/AnimatorControllerPlayable.cpp line 333]

 -> (artifact id: '0aec0f200f005ed3a1b20d93673ad01c') in 0.030465 seconds 
  Import took 0.039792 seconds .

========================================================================
Received Import Request.
  Time since last request: 0.006620 seconds.
  path: Assets/Batman-animation/BulletImpact.prefab
  artifactKey: Guid(16ccd63e0ed6644489d88dedb179d4ab) Importer(815301076,1909f56bfc062723c751e8b465ee728b)
Start importing Assets/Batman-animation/BulletImpact.prefab using Guid(16ccd63e0ed6644489d88dedb179d4ab) Importer(815301076,1909f56bfc062723c751e8b465ee728b) The Animator Controller (Bulletimpact) you have used is not valid. Animations will not play
UnityEngine.StackTraceUtility:ExtractStackTrace ()
UnityEditor.EditorUtility:Internal_InstantiateRemoveAllNonAnimationComponentsSingle (UnityEngine.Object,UnityEngine.Vector3,UnityEngine.Quaternion)
UnityEditor.EditorUtility:InstantiateRemoveAllNonAnimationComponents (UnityEngine.Object,UnityEngine.Vector3,UnityEngine.Quaternion)
UnityEditor.EditorUtility:InstantiateForAnimatorPreview (UnityEngine.Object)
UnityEditor.GameObjectInspector/PreviewData:UpdateGameObject (UnityEngine.Object)
UnityEditor.GameObjectInspector/PreviewData:.ctor (UnityEngine.Object)
UnityEditor.GameObjectInspector:GetPreviewData ()
UnityEditor.GameObjectInspector:RenderStaticPreview (string,UnityEngine.Object[],int,int)
UnityEditor.AssetPreviewUpdater:CreatePreviewForAsset (UnityEngine.Object,UnityEngine.Object[],string)

[C:\buildslave\unity\build\Modules/Animation/Director/AnimatorControllerPlayable.cpp line 333]

The Animator Controller (Bulletimpact) you have used is not valid. Animations will not play
UnityEngine.StackTraceUtility:ExtractStackTrace ()
UnityEditor.EditorUtility:InitInstantiatedPreviewRecursive (UnityEngine.GameObject)
UnityEditor.EditorUtility:InstantiateForAnimatorPreview (UnityEngine.Object)
UnityEditor.GameObjectInspector/PreviewData:UpdateGameObject (UnityEngine.Object)
UnityEditor.GameObjectInspector/PreviewData:.ctor (UnityEngine.Object)
UnityEditor.GameObjectInspector:GetPreviewData ()
UnityEditor.GameObjectInspector:RenderStaticPreview (string,UnityEngine.Object[],int,int)
UnityEditor.AssetPreviewUpdater:CreatePreviewForAsset (UnityEngine.Object,UnityEngine.Object[],string)

[C:\buildslave\unity\build\Modules/Animation/Director/AnimatorControllerPlayable.cpp line 333]

 -> (artifact id: '0aec0f200f005ed3a1b20d93673ad01c') in 0.027927 seconds 
  Import took 0.034892 seconds .

========================================================================
Received Prepare
Registering precompiled user dll's ...
Registered in 0.009013 seconds.
Begin MonoManager ReloadAssembly
Native extension for WindowsStandalone target not found
Native extension for WebGL target not found
Refreshing native plugins compatible for Editor in 1.17 ms, found 3 plugins.
Preloading 0 native plugins for Editor in 0.00 ms.
Mono: successfully reloaded assembly
- Completed reload, in  1.689 seconds
Platform modules already initialized, skipping
Refreshing native plugins compatible for Editor in 0.84 ms, found 3 plugins.
Preloading 0 native plugins for Editor in 0.00 ms.
Unloading 2560 Unused Serialized files (Serialized files now loaded: 0)
System memory in use before: 108.6 MB.
System memory in use after: 108.8 MB.

Unloading 52 unused Assets to reduce memory usage. Loaded Objects now: 3113.
Total: 6.032800 ms (FindLiveObjects: 0.248500 ms CreateObjectMapping: 0.099200 ms MarkObjects: 5.659600 ms  DeleteObjects: 0.024600 ms)

AssetImportParameters requested are different than current active one (requested -> active):
  custom:framework-win-MediaFoundation: 216162199b28c13a410421893ffa2e32 -> 
  custom:video-decoder-ogg-theora: a1e56fd34408186e4bbccfd4996cb3dc -> 
  custom:container-muxer-webm: aa71ff27fc2769a1b78a27578f13a17b -> 
  custom:container-demuxer-webm: 4f35f7cbe854078d1ac9338744f61a02 -> 
  custom:container-demuxer-ogg: 62fdf1f143b41e24485cea50d1cbac27 -> 
  custom:video-encoder-webm-vp8: eb34c28f22e8b96e1ab97ce403110664 -> 
  custom:video-codec-MediaFoundation-h265: 746d11721c4dcdbdad8f713fa42b33f4 -> 
  custom:video-decoder-webm-vp8: 9c59270c3fd7afecdb556c50c9e8de78 -> 
  custom:audio-decoder-ogg-vorbis: bf7c407c2cedff20999df2af8eb42d56 -> 
  custom:audio-encoder-webm-vorbis: bf7c407c2cedff20999df2af8eb42d56 -> 
========================================================================
Received Import Request.
  Time since last request: 75.534227 seconds.
  path: Assets/Batman-animation/bulletExplode.anim
  artifactKey: Guid(9829b21709f85184f951ba9bc0333e37) Importer(815301076,1909f56bfc062723c751e8b465ee728b)
Start importing Assets/Batman-animation/bulletExplode.anim using Guid(9829b21709f85184f951ba9bc0333e37) Importer(815301076,1909f56bfc062723c751e8b465ee728b)  -> (artifact id: '5c25a739c1a249c41641ac2be064c096') in 0.017810 seconds 
  Import took 0.023792 seconds .

========================================================================
Received Import Request.
  Time since last request: 174.398728 seconds.
  path: Assets/Batman-animation/Enemy.cs
  artifactKey: Guid(94d154d76450e0e45a8a81e758cffe3d) Importer(815301076,1909f56bfc062723c751e8b465ee728b)
Start importing Assets/Batman-animation/Enemy.cs using Guid(94d154d76450e0e45a8a81e758cffe3d) Importer(815301076,1909f56bfc062723c751e8b465ee728b)  -> (artifact id: 'b7d57882cc1832fb9791171542804705') in 0.003537 seconds 
  Import took 0.009854 seconds .

========================================================================
Received Prepare
Registering precompiled user dll's ...
Registered in 0.009236 seconds.
Begin MonoManager ReloadAssembly
Native extension for WindowsStandalone target not found
Native extension for WebGL target not found
Refreshing native plugins compatible for Editor in 0.81 ms, found 3 plugins.
Preloading 0 native plugins for Editor in 0.00 ms.
Mono: successfully reloaded assembly
- Completed reload, in  1.248 seconds
Platform modules already initialized, skipping
Refreshing native plugins compatible for Editor in 1.13 ms, found 3 plugins.
Preloading 0 native plugins for Editor in 0.00 ms.
Unloading 2560 Unused Serialized files (Serialized files now loaded: 0)
System memory in use before: 108.6 MB.
System memory in use after: 108.8 MB.

Unloading 52 unused Assets to reduce memory usage. Loaded Objects now: 3117.
Total: 5.650300 ms (FindLiveObjects: 0.255800 ms CreateObjectMapping: 0.109400 ms MarkObjects: 5.258400 ms  DeleteObjects: 0.025500 ms)

AssetImportParameters requested are different than current active one (requested -> active):
  custom:framework-win-MediaFoundation: 216162199b28c13a410421893ffa2e32 -> 
  custom:video-decoder-ogg-theora: a1e56fd34408186e4bbccfd4996cb3dc -> 
  custom:container-muxer-webm: aa71ff27fc2769a1b78a27578f13a17b -> 
  custom:container-demuxer-webm: 4f35f7cbe854078d1ac9338744f61a02 -> 
  custom:container-demuxer-ogg: 62fdf1f143b41e24485cea50d1cbac27 -> 
  custom:video-encoder-webm-vp8: eb34c28f22e8b96e1ab97ce403110664 -> 
  custom:video-codec-MediaFoundation-h265: 746d11721c4dcdbdad8f713fa42b33f4 -> 
  custom:video-decoder-webm-vp8: 9c59270c3fd7afecdb556c50c9e8de78 -> 
  custom:audio-decoder-ogg-vorbis: bf7c407c2cedff20999df2af8eb42d56 -> 
  custom:audio-encoder-webm-vorbis: bf7c407c2cedff20999df2af8eb42d56 -> 
========================================================================
Received Import Request.
  Time since last request: 72.472658 seconds.
  path: Assets/Batman-animation/Enemy.cs
  artifactKey: Guid(94d154d76450e0e45a8a81e758cffe3d) Importer(815301076,1909f56bfc062723c751e8b465ee728b)
Start importing Assets/Batman-animation/Enemy.cs using Guid(94d154d76450e0e45a8a81e758cffe3d) Importer(815301076,1909f56bfc062723c751e8b465ee728b)  -> (artifact id: '1a7caa39714e93a5094024eaf3d43958') in 0.006635 seconds 
  Import took 0.013506 seconds .

========================================================================
Received Import Request.
  Time since last request: 0.010107 seconds.
  path: Assets/Batman-animation/Enemy.cs
  artifactKey: Guid(94d154d76450e0e45a8a81e758cffe3d) Importer(815301076,1909f56bfc062723c751e8b465ee728b)
Start importing Assets/Batman-animation/Enemy.cs using Guid(94d154d76450e0e45a8a81e758cffe3d) Importer(815301076,1909f56bfc062723c751e8b465ee728b)  -> (artifact id: '1a7caa39714e93a5094024eaf3d43958') in 0.002600 seconds 
  Import took 0.007643 seconds .

========================================================================
Received Prepare
Registering precompiled user dll's ...
Registered in 0.013500 seconds.
Begin MonoManager ReloadAssembly
Native extension for WindowsStandalone target not found
Native extension for WebGL target not found
Refreshing native plugins compatible for Editor in 1.25 ms, found 3 plugins.
Preloading 0 native plugins for Editor in 0.00 ms.
Mono: successfully reloaded assembly
- Completed reload, in  2.341 seconds
Platform modules already initialized, skipping
Refreshing native plugins compatible for Editor in 1.88 ms, found 3 plugins.
Preloading 0 native plugins for Editor in 0.00 ms.
Unloading 2560 Unused Serialized files (Serialized files now loaded: 0)
System memory in use before: 108.6 MB.
System memory in use after: 108.9 MB.

Unloading 52 unused Assets to reduce memory usage. Loaded Objects now: 3121.
Total: 10.539400 ms (FindLiveObjects: 0.440300 ms CreateObjectMapping: 0.285200 ms MarkObjects: 9.760900 ms  DeleteObjects: 0.050900 ms)

AssetImportParameters requested are different than current active one (requested -> active):
  custom:framework-win-MediaFoundation: 216162199b28c13a410421893ffa2e32 -> 
  custom:video-decoder-ogg-theora: a1e56fd34408186e4bbccfd4996cb3dc -> 
  custom:container-muxer-webm: aa71ff27fc2769a1b78a27578f13a17b -> 
  custom:container-demuxer-webm: 4f35f7cbe854078d1ac9338744f61a02 -> 
  custom:container-demuxer-ogg: 62fdf1f143b41e24485cea50d1cbac27 -> 
  custom:video-encoder-webm-vp8: eb34c28f22e8b96e1ab97ce403110664 -> 
  custom:video-codec-MediaFoundation-h265: 746d11721c4dcdbdad8f713fa42b33f4 -> 
  custom:video-decoder-webm-vp8: 9c59270c3fd7afecdb556c50c9e8de78 -> 
  custom:audio-decoder-ogg-vorbis: bf7c407c2cedff20999df2af8eb42d56 -> 
  custom:audio-encoder-webm-vorbis: bf7c407c2cedff20999df2af8eb42d56 -> 
========================================================================
Received Prepare
Registering precompiled user dll's ...
Registered in 0.008256 seconds.
Begin MonoManager ReloadAssembly
Native extension for WindowsStandalone target not found
Native extension for WebGL target not found
Refreshing native plugins compatible for Editor in 1.04 ms, found 3 plugins.
Preloading 0 native plugins for Editor in 0.00 ms.
Mono: successfully reloaded assembly
- Completed reload, in  1.286 seconds
Platform modules already initialized, skipping
Refreshing native plugins compatible for Editor in 1.05 ms, found 3 plugins.
Preloading 0 native plugins for Editor in 0.00 ms.
Unloading 2560 Unused Serialized files (Serialized files now loaded: 0)
System memory in use before: 108.5 MB.
System memory in use after: 108.8 MB.

Unloading 52 unused Assets to reduce memory usage. Loaded Objects now: 3125.
Total: 6.234100 ms (FindLiveObjects: 0.262400 ms CreateObjectMapping: 0.121500 ms MarkObjects: 5.819300 ms  DeleteObjects: 0.029400 ms)

AssetImportParameters requested are different than current active one (requested -> active):
  custom:framework-win-MediaFoundation: 216162199b28c13a410421893ffa2e32 -> 
  custom:video-decoder-ogg-theora: a1e56fd34408186e4bbccfd4996cb3dc -> 
  custom:container-muxer-webm: aa71ff27fc2769a1b78a27578f13a17b -> 
  custom:container-demuxer-webm: 4f35f7cbe854078d1ac9338744f61a02 -> 
  custom:container-demuxer-ogg: 62fdf1f143b41e24485cea50d1cbac27 -> 
  custom:video-encoder-webm-vp8: eb34c28f22e8b96e1ab97ce403110664 -> 
  custom:video-codec-MediaFoundation-h265: 746d11721c4dcdbdad8f713fa42b33f4 -> 
  custom:video-decoder-webm-vp8: 9c59270c3fd7afecdb556c50c9e8de78 -> 
  custom:audio-decoder-ogg-vorbis: bf7c407c2cedff20999df2af8eb42d56 -> 
  custom:audio-encoder-webm-vorbis: bf7c407c2cedff20999df2af8eb42d56 -> 
========================================================================
Received Import Request.
  Time since last request: 189.440795 seconds.
  path: Assets/Batman-animation/Enemy.cs
  artifactKey: Guid(94d154d76450e0e45a8a81e758cffe3d) Importer(815301076,1909f56bfc062723c751e8b465ee728b)
Start importing Assets/Batman-animation/Enemy.cs using Guid(94d154d76450e0e45a8a81e758cffe3d) Importer(815301076,1909f56bfc062723c751e8b465ee728b)  -> (artifact id: 'f78f249721bf78b2b7d66906d3a7ea71') in 0.005439 seconds 
  Import took 0.011612 seconds .

========================================================================
Received Prepare
Registering precompiled user dll's ...
Registered in 0.015511 seconds.
Begin MonoManager ReloadAssembly
Native extension for WindowsStandalone target not found
Native extension for WebGL target not found
Refreshing native plugins compatible for Editor in 0.84 ms, found 3 plugins.
Preloading 0 native plugins for Editor in 0.00 ms.
Mono: successfully reloaded assembly
- Completed reload, in  1.498 seconds
Platform modules already initialized, skipping
Refreshing native plugins compatible for Editor in 0.92 ms, found 3 plugins.
Preloading 0 native plugins for Editor in 0.00 ms.
Unloading 2560 Unused Serialized files (Serialized files now loaded: 0)
System memory in use before: 108.6 MB.
System memory in use after: 108.9 MB.

Unloading 52 unused Assets to reduce memory usage. Loaded Objects now: 3129.
Total: 6.233300 ms (FindLiveObjects: 0.255700 ms CreateObjectMapping: 0.097300 ms MarkObjects: 5.853900 ms  DeleteObjects: 0.025500 ms)

AssetImportParameters requested are different than current active one (requested -> active):
  custom:framework-win-MediaFoundation: 216162199b28c13a410421893ffa2e32 -> 
  custom:video-decoder-ogg-theora: a1e56fd34408186e4bbccfd4996cb3dc -> 
  custom:container-muxer-webm: aa71ff27fc2769a1b78a27578f13a17b -> 
  custom:container-demuxer-webm: 4f35f7cbe854078d1ac9338744f61a02 -> 
  custom:container-demuxer-ogg: 62fdf1f143b41e24485cea50d1cbac27 -> 
  custom:video-encoder-webm-vp8: eb34c28f22e8b96e1ab97ce403110664 -> 
  custom:video-codec-MediaFoundation-h265: 746d11721c4dcdbdad8f713fa42b33f4 -> 
  custom:video-decoder-webm-vp8: 9c59270c3fd7afecdb556c50c9e8de78 -> 
  custom:audio-decoder-ogg-vorbis: bf7c407c2cedff20999df2af8eb42d56 -> 
  custom:audio-encoder-webm-vorbis: bf7c407c2cedff20999df2af8eb42d56 -> 
AssetImportWorkerClient::OnTransportError - code=2 error=End of file
